2025-04-18 04:00:16.060: [INFO] VisibilityChanged: 0
2025-04-18 04:00:16.084: [INFO] RecordSyncInitDuration has_sync_been_enabled: 0 state: 0
2025-04-18 04:00:16.084: [INFO] RecordSyncInitDuration has_sync_been_enabled: 0 state: 0
2025-04-18 04:00:16.084: [INFO] RecordSyncInitDuration has_sync_been_enabled: 0 state: 0
2025-04-18 04:00:16.084: [INFO] RecordSyncInitDuration has_sync_been_enabled: 0 state: 0
2025-04-18 04:00:16.084: [INFO] RecordSyncInitDuration has_sync_been_enabled: 0 state: 0
2025-04-18 04:00:16.084: [INFO] RecordSyncInitDuration has_sync_been_enabled: 0 state: 0
2025-04-18 04:00:16.084: [INFO] RecordSyncInitDuration has_sync_been_enabled: 0 state: 0
2025-04-18 04:00:16.084: [INFO] RecordSyncInitDuration has_sync_been_enabled: 0 state: 0
2025-04-18 04:00:16.084: [INFO] RecordSyncInitDuration has_sync_been_enabled: 0 state: 0
2025-04-18 04:00:16.085: [INFO] RecordSyncInitDuration has_sync_been_enabled: 0 state: 0
2025-04-18 04:00:16.085: [INFO] RecordSyncInitDuration has_sync_been_enabled: 0 state: 0
2025-04-18 04:00:16.088: [INFO] BookmarkModelLoaded, ids_reassigned: 0
2025-04-18 04:00:16.088: [INFO] OnDoneLoading sync enabled: 0
2025-04-18 04:00:16.130: [INFO] RecordSyncInitDuration has_sync_been_enabled: 0 state: 0
2025-04-18 04:00:16.319: [INFO] RecordSyncInitDuration has_sync_been_enabled: 0 state: 3
2025-04-18 04:00:16.320: [INFO] Primary account changed.
2025-04-18 04:00:16.320: [INFO] OnPrimaryAccountChanged PrimaryAccountChangeEvent::Type::kSet
2025-04-18 04:00:16.321: [INFO] RecordSyncInitDuration has_sync_been_enabled: 0 state: 3
2025-04-18 04:00:16.347: [INFO] RecordSyncInitDuration has_sync_been_enabled: 0 state: 3
2025-04-18 04:00:18.577: [INFO] BookmarkNodeAdded, ABU: 0
2025-04-18 04:00:18.577: [INFO] BookmarkNodeAdded, ABU: 0
2025-04-18 04:00:18.578: [INFO] BookmarkNodeAdded, ABU: 0
2025-04-18 04:00:18.578: [INFO] BookmarkNodeAdded, ABU: 0
2025-04-18 04:00:18.578: [INFO] BookmarkNodeAdded, ABU: 0
2025-04-18 04:00:18.749: [INFO] Sync initialization duration: 2364ms
2025-04-18 04:21:07.475: [INFO] VisibilityChanged: 0
2025-04-18 04:21:07.496: [INFO] BookmarkModelLoaded, ids_reassigned: 0
2025-04-18 04:21:07.496: [INFO] OnDoneLoading sync enabled: 1
2025-04-18 04:21:08.749: [INFO] Sync initialization duration: 1169ms
2025-04-18 04:27:56.731: [INFO] VisibilityChanged: 0
2025-04-18 04:27:56.764: [INFO] BookmarkModelLoaded, ids_reassigned: 0
2025-04-18 04:27:56.765: [INFO] OnDoneLoading sync enabled: 1
2025-04-18 04:27:58.093: [INFO] Sync initialization duration: 1255ms
2025-04-18 05:26:04.739: [INFO] VisibilityChanged: 0
2025-04-18 05:26:04.786: [INFO] BookmarkModelLoaded, ids_reassigned: 0
2025-04-18 05:26:04.786: [INFO] OnDoneLoading sync enabled: 1
2025-04-18 05:26:06.448: [INFO] Sync initialization duration: 1576ms
2025-04-18 07:57:14.833: [INFO] VisibilityChanged: 0
2025-04-18 07:57:14.855: [INFO] BookmarkModelLoaded, ids_reassigned: 0
2025-04-18 07:57:14.855: [INFO] OnDoneLoading sync enabled: 1
2025-04-18 07:57:16.095: [INFO] Sync initialization duration: 1163ms
2025-04-21 03:16:51.858: [INFO] VisibilityChanged: 0
2025-04-21 03:16:51.887: [INFO] BookmarkModelLoaded, ids_reassigned: 0
2025-04-21 03:16:51.887: [INFO] OnDoneLoading sync enabled: 1
2025-04-21 03:16:53.264: [INFO] Sync initialization duration: 1279ms
2025-04-21 05:26:07.191: [INFO] VisibilityChanged: 0
2025-04-21 05:26:07.218: [INFO] BookmarkModelLoaded, ids_reassigned: 0
2025-04-21 05:26:07.218: [INFO] OnDoneLoading sync enabled: 1
2025-04-21 05:26:08.716: [INFO] Sync initialization duration: 1422ms
2025-04-21 05:46:04.201: [INFO] VisibilityChanged: 0
2025-04-21 05:46:04.229: [INFO] BookmarkModelLoaded, ids_reassigned: 0
2025-04-21 05:46:04.229: [INFO] OnDoneLoading sync enabled: 1
2025-04-21 05:46:05.645: [INFO] Sync initialization duration: 1324ms
2025-04-21 05:51:41.815: [INFO] VisibilityChanged: 0
2025-04-21 05:51:41.846: [INFO] BookmarkModelLoaded, ids_reassigned: 0
2025-04-21 05:51:41.846: [INFO] OnDoneLoading sync enabled: 1
2025-04-21 05:51:42.880: [INFO] Sync initialization duration: 953ms
2025-04-21 06:01:43.411: [INFO] VisibilityChanged: 0
2025-04-21 06:01:43.441: [INFO] BookmarkModelLoaded, ids_reassigned: 0
2025-04-21 06:01:43.441: [INFO] OnDoneLoading sync enabled: 1
2025-04-21 06:01:44.807: [INFO] Sync initialization duration: 1290ms
