{"logTime": "0418/040017", "correlationVector":"Y1Fgjgk2Rb1tgDunhyy3Yy.1","action":"SyncServerConnectionManagerRequest", "result":"SYNC_SERVER_OK", "context":{"environment":"Prod_centralus_prod-s01-068-nam-centralus", "migrationStage":"NotStarted", "server":"akswtt00600003k"}}
{"logTime": "0418/040017", "correlationVector":"Y1Fgjgk2Rb1tgDunhyy3Yy.2","action":"ProcessGetUpdates", "result":"Done", "context":{"dataType":"Encryption Keys", "deleted":"0", "process_failed_to_decrypt":"0", "process_pending_decryption":"0", "process_success":"1", "total":"1"}}
{"logTime": "0418/040018", "correlationVector":"rQgi/73rscvQ/UP/+E+JLW","action":"SyncServerConnectionManagerRequest", "result":"SYNC_SERVER_OK", "context":{"environment":"", "migrationStage":"", "server":""}}
{"logTime": "0418/040018", "correlationVector":"rQgi/73rscvQ/UP/+E+JLW.0","action":"EncryptionKeysFetcher.DownloadKeys:", "result":"Success", "context":Key count: 9, Last key timestamp: 2025-04-18T02:33:57Z}
{"logTime": "0418/040018", "correlationVector":"rQgi/73rscvQ/UP/+E+JLW.1","action":"EncryptionKeysManager::SetEncryptionKeys:", "result":"Success", "context":Key names[9]:[rs35apxTBSeM/yUK1IXQis8795InEAMuhRuv2zwJxkQ6wL72668T5YCqRpaXOFvZGDlTsRYfpFGQuKtDs/0VXw==][Yc6chQBqt9RBDg8A4c52qFXcVz8gR42xDQ9aWZ2TvrL10dYxw3JOTArvlWt8LcJtN5ZkZqRSBR81i462qY05cw==][hbir+rvH3zSmZrmUIY/+0ha+LK9WZbSzmFpu76RL9+wCINGSiDjmUMjg+EwbmLmnB6zO8k4Q95gQvMbl/wnuIg==][NgdgYWGaDIQJ+7Gw5Fp+UqgIGiv6vkmUXzShRlJWlHXHn42q04A3luwsw+mg/xzI76FVpS91g9R47Q4PAsR5fA==][22oYStcqVPVVoYJ2AyaB+UOY1l+LSUZJRs3LdmXhYzsDi3stsMNvKiafyoSXOZEHVTqNQMss0NTZ3HjDBE5lHA==][86IteGmeOUnvH+W+2qL+7eWeSkI1leM1Zz+Y015/0H1JF0wvk/M52kCqq+gjC+mNambLBTiklg1X5if2D14IiQ==][WH08ngq9WoX6evutmHPNulMe3Wt9vM9r9SpaxLXF3OY1tcQpqHGbkr2YPgTz3BXzpeoVK16AOPGQ+Y/DIBEaAg==][lmaDL7uNHRhpIYsdkl895l7SKBChPkeyyI0xc/gm36JHmh5/8JET/U47t+E/OcP3jK+jk1zv7bT48oSkeJepqA==][YXibsDOmFbFsy4s7j/r2CPV/TBlxYmKi5oeZHq9pVYerC7LWtKuk316+nCk/z9wPNjYKOxmEktFPgW3Wz4m+kg==]}
{"logTime": "0418/040018", "correlationVector":"rQgi/73rscvQ/UP/+E+JLW.2","action":"EncryptionKeysManager::SetEncryptionKeysWithTimestamps:", "result":"Success", "context":Key timestamps[9]:[2020-10-12T23:52:57Z][2021-04-14T23:57:34Z][2021-10-12T01:29:09Z][2022-04-12T02:49:38Z][2022-10-13T22:59:40Z][2023-05-02T05:14:48Z][2024-01-27T20:44:58Z][2024-07-31T04:50:29Z][2025-04-18T02:33:57Z]}
{"logTime": "0418/040018", "correlationVector":"Y1Fgjgk2Rb1tgDunhyy3Yy","action":"Initial GetUpdates", "result":"", "context":Reason: NEW_CLIENT. cV=Y1Fgjgk2Rb1tgDunhyy3Yy}
{"logTime": "0418/040018", "correlationVector":"Y1Fgjgk2Rb1tgDunhyy3Yy.3","action":"GetUpdates Response", "result":"Success", "context":Received 1 update(s). cV=Y1Fgjgk2Rb1tgDunhyy3Yy.0;server=akswtt00600003k;cloudType=Consumer;environment=Prod_centralus_prod-s01-068-nam-centralus;migrationStage=NotStarted}
{"logTime": "0418/040018", "correlationVector":"m3o05lNso8p2GM5qmDWfxU","action":"Initial GetUpdates", "result":"", "context":Reason: NEWLY_SUPPORTED_DATATYPE. cV=m3o05lNso8p2GM5qmDWfxU}
{"logTime": "0418/040018", "correlationVector":"m3o05lNso8p2GM5qmDWfxU.1","action":"SyncServerConnectionManagerRequest", "result":"SYNC_SERVER_OK", "context":{"environment":"Prod_centralus_prod-s01-068-nam-centralus", "migrationStage":"NotStarted", "server":"akswtt00600000s"}}
{"logTime": "0418/040018", "correlationVector":"m3o05lNso8p2GM5qmDWfxU.2","action":"ProcessGetUpdates", "result":"Done", "context":{"dataType":"Preferences", "deleted":"0", "process_failed_to_decrypt":"0", "process_pending_decryption":"0", "process_success":"67", "total":"67"}}
{"logTime": "0418/040018", "correlationVector":"m3o05lNso8p2GM5qmDWfxU.3","action":"ProcessGetUpdates", "result":"Done", "context":{"dataType":"Passwords", "deleted":"1", "process_failed_to_decrypt":"0", "process_pending_decryption":"0", "process_success":"18", "total":"18"}}
{"logTime": "0418/040018", "correlationVector":"m3o05lNso8p2GM5qmDWfxU.4","action":"ProcessGetUpdates", "result":"Done", "context":{"dataType":"Device Info", "deleted":"0", "process_failed_to_decrypt":"0", "process_pending_decryption":"0", "process_success":"13", "total":"13"}}
{"logTime": "0418/040018", "correlationVector":"m3o05lNso8p2GM5qmDWfxU.5","action":"GetUpdates Response", "result":"Success", "context":Received 98 update(s). cV=m3o05lNso8p2GM5qmDWfxU.0;server=akswtt00600000s;cloudType=Consumer;environment=Prod_centralus_prod-s01-068-nam-centralus;migrationStage=NotStarted}
{"logTime": "0418/040018", "correlationVector":"L7xxV+FOyP1JzMBZSeMWBU","action":"Initial GetUpdates", "result":"", "context":Reason: NEWLY_SUPPORTED_DATATYPE. cV=L7xxV+FOyP1JzMBZSeMWBU}
{"logTime": "0418/040018", "correlationVector":"L7xxV+FOyP1JzMBZSeMWBU.1","action":"SyncServerConnectionManagerRequest", "result":"SYNC_SERVER_OK", "context":{"environment":"Prod_centralus_prod-s01-068-nam-centralus", "migrationStage":"NotStarted", "server":"akswtt00600005r"}}
{"logTime": "0418/040018", "correlationVector":"L7xxV+FOyP1JzMBZSeMWBU.2","action":"ProcessGetUpdates", "result":"Done", "context":{"dataType":"Bookmarks", "deleted":"0", "process_failed_to_decrypt":"0", "process_pending_decryption":"0", "process_success":"10", "total":"10"}}
{"logTime": "0418/040018", "correlationVector":"L7xxV+FOyP1JzMBZSeMWBU.3","action":"GetUpdates Response", "result":"Success", "context":Received 10 update(s). cV=L7xxV+FOyP1JzMBZSeMWBU.0;server=akswtt00600005r;cloudType=Consumer;environment=Prod_centralus_prod-s01-068-nam-centralus;migrationStage=NotStarted}
{"logTime": "0418/040018", "correlationVector":"hNQzdQO4MIzxLHZktRcDZv","action":"Initial GetUpdates", "result":"", "context":Reason: NEWLY_SUPPORTED_DATATYPE. cV=hNQzdQO4MIzxLHZktRcDZv}
{"logTime": "0418/040018", "correlationVector":"hNQzdQO4MIzxLHZktRcDZv.1","action":"SyncServerConnectionManagerRequest", "result":"SYNC_SERVER_OK", "context":{"environment":"Prod_centralus_prod-s01-068-nam-centralus", "migrationStage":"NotStarted", "server":"akswtt00600003k"}}
{"logTime": "0418/040018", "correlationVector":"hNQzdQO4MIzxLHZktRcDZv.2","action":"ProcessGetUpdates", "result":"Done", "context":{"dataType":"Autofill Profiles", "deleted":"0", "process_failed_to_decrypt":"0", "process_pending_decryption":"0", "process_success":"2", "total":"2"}}
{"logTime": "0418/040018", "correlationVector":"hNQzdQO4MIzxLHZktRcDZv.3","action":"ProcessGetUpdates", "result":"Done", "context":{"dataType":"Autofill", "deleted":"0", "process_failed_to_decrypt":"0", "process_pending_decryption":"0", "process_success":"19", "total":"19"}}
{"logTime": "0418/040018", "correlationVector":"hNQzdQO4MIzxLHZktRcDZv.4","action":"ProcessGetUpdates", "result":"Done", "context":{"dataType":"Sessions", "deleted":"0", "process_failed_to_decrypt":"0", "process_pending_decryption":"0", "process_success":"2", "total":"2"}}
{"logTime": "0418/040018", "correlationVector":"hNQzdQO4MIzxLHZktRcDZv.5","action":"GetUpdates Response", "result":"Success", "context":Received 23 update(s). cV=hNQzdQO4MIzxLHZktRcDZv.0;server=akswtt00600003k;cloudType=Consumer;environment=Prod_centralus_prod-s01-068-nam-centralus;migrationStage=NotStarted}
{"logTime": "0418/040018", "correlationVector":"p+G/5JLdRPZRWa15ZuVg2w","action":"Initial GetUpdates", "result":"", "context":Reason: NEWLY_SUPPORTED_DATATYPE. cV=p+G/5JLdRPZRWa15ZuVg2w}
{"logTime": "0418/040018", "correlationVector":"p+G/5JLdRPZRWa15ZuVg2w.1","action":"SyncServerConnectionManagerRequest", "result":"SYNC_SERVER_OK", "context":{"environment":"Prod_centralus_prod-s01-068-nam-centralus", "migrationStage":"NotStarted", "server":"akswtt00600004h"}}
{"logTime": "0418/040018", "correlationVector":"p+G/5JLdRPZRWa15ZuVg2w.2","action":"GetUpdates Response", "result":"Success", "context":Received 0 update(s). cV=p+G/5JLdRPZRWa15ZuVg2w.0;server=akswtt00600004h;cloudType=Consumer;environment=Prod_centralus_prod-s01-068-nam-centralus;migrationStage=NotStarted}
{"logTime": "0418/040018", "correlationVector":"cIBS6SqtjT8uf9rGLleehJ","action":"Normal GetUpdate request", "result":"", "context":cV=cIBS6SqtjT8uf9rGLleehJ
Nudged types: Preferences, Sessions, Device Info, User Consents
Refresh requested types: Bookmarks, Preferences, Passwords, Autofill Profiles, Autofill, Extensions, Sessions, Extension settings, History Delete Directives, Device Info, User Consents, Send Tab To Self, Web Apps, History, Saved Tab Group, Collection, Edge E Drop, Edge Hub App Usage, Edge Tab Group, Edge Wallet, Encryption Keys}
{"logTime": "0418/040019", "correlationVector":"cIBS6SqtjT8uf9rGLleehJ.1","action":"SyncServerConnectionManagerRequest", "result":"SYNC_SERVER_OK", "context":{"environment":"Prod_centralus_prod-s01-068-nam-centralus", "migrationStage":"NotStarted", "server":"akswtt006000063"}}
{"logTime": "0418/040019", "correlationVector":"cIBS6SqtjT8uf9rGLleehJ.2","action":"GetUpdates Response", "result":"Success", "context":Received 0 update(s). cV=cIBS6SqtjT8uf9rGLleehJ.0;server=akswtt006000063;cloudType=Consumer;environment=Prod_centralus_prod-s01-068-nam-centralus;migrationStage=NotStarted}
{"logTime": "0418/040019", "correlationVector":"EFpefwUEAj9o9ow8P/15RO","action":"Commit Request", "result":"", "context":Item count: 6
Contributing types: Preferences, Sessions, Device Info, User Consents}
{"logTime": "0418/040019", "correlationVector":"EFpefwUEAj9o9ow8P/15RO.1","action":"SyncServerConnectionManagerRequest", "result":"SYNC_SERVER_OK", "context":{"environment":"Prod_centralus_prod-s01-068-nam-centralus", "migrationStage":"NotStarted", "server":"akswtt00600008b"}}
{"logTime": "0418/040019", "correlationVector":"EFpefwUEAj9o9ow8P/15RO.2","action":"Commit Response", "result":"Success", "context":Result: Success. cV=EFpefwUEAj9o9ow8P/15RO.0;server=akswtt00600008b;cloudType=Consumer;environment=Prod_centralus_prod-s01-068-nam-centralus;migrationStage=NotStarted}
{"logTime": "0418/040019", "correlationVector":"7BLna6DgmmN170UZHLZJUm","action":"Commit Request", "result":"", "context":Item count: 3
Contributing types: Sessions, User Consents, History}
{"logTime": "0418/040020", "correlationVector":"7BLna6DgmmN170UZHLZJUm.1","action":"SyncServerConnectionManagerRequest", "result":"SYNC_SERVER_OK", "context":{"environment":"Prod_centralus_prod-s01-068-nam-centralus", "migrationStage":"NotStarted", "server":"akswtt00600004h"}}
{"logTime": "0418/040020", "correlationVector":"7BLna6DgmmN170UZHLZJUm.2","action":"Commit Response", "result":"Success", "context":Result: Success. cV=7BLna6DgmmN170UZHLZJUm.0;server=akswtt00600004h;cloudType=Consumer;environment=Prod_centralus_prod-s01-068-nam-centralus;migrationStage=NotStarted}
{"logTime": "0418/042108", "correlationVector":"XyTckNlwYSY5MP1wNj70xO.1","action":"SyncServerConnectionManagerRequest", "result":"SYNC_SERVER_OK", "context":{"environment":"Prod_centralus_prod-s01-068-nam-centralus", "migrationStage":"NotStarted", "server":"akswtt00600007t"}}
{"logTime": "0418/042108", "correlationVector":"XyTckNlwYSY5MP1wNj70xO.2","action":"ProcessGetUpdates", "result":"Done", "context":{"dataType":"Encryption Keys", "deleted":"0", "process_failed_to_decrypt":"0", "process_pending_decryption":"0", "process_success":"1", "total":"1"}}
{"logTime": "0418/042108", "correlationVector":"4pdI0NGzQJScryhK4aLah7","action":"SyncServerConnectionManagerRequest", "result":"SYNC_SERVER_OK", "context":{"environment":"", "migrationStage":"", "server":""}}
{"logTime": "0418/042108", "correlationVector":"4pdI0NGzQJScryhK4aLah7.0","action":"EncryptionKeysFetcher.DownloadKeys:", "result":"Success", "context":Key count: 9, Last key timestamp: 2025-04-18T02:33:57Z}
{"logTime": "0418/042108", "correlationVector":"4pdI0NGzQJScryhK4aLah7.1","action":"EncryptionKeysManager::SetEncryptionKeys:", "result":"Success", "context":Key names[9]:[rs35apxTBSeM/yUK1IXQis8795InEAMuhRuv2zwJxkQ6wL72668T5YCqRpaXOFvZGDlTsRYfpFGQuKtDs/0VXw==][Yc6chQBqt9RBDg8A4c52qFXcVz8gR42xDQ9aWZ2TvrL10dYxw3JOTArvlWt8LcJtN5ZkZqRSBR81i462qY05cw==][hbir+rvH3zSmZrmUIY/+0ha+LK9WZbSzmFpu76RL9+wCINGSiDjmUMjg+EwbmLmnB6zO8k4Q95gQvMbl/wnuIg==][NgdgYWGaDIQJ+7Gw5Fp+UqgIGiv6vkmUXzShRlJWlHXHn42q04A3luwsw+mg/xzI76FVpS91g9R47Q4PAsR5fA==][22oYStcqVPVVoYJ2AyaB+UOY1l+LSUZJRs3LdmXhYzsDi3stsMNvKiafyoSXOZEHVTqNQMss0NTZ3HjDBE5lHA==][86IteGmeOUnvH+W+2qL+7eWeSkI1leM1Zz+Y015/0H1JF0wvk/M52kCqq+gjC+mNambLBTiklg1X5if2D14IiQ==][WH08ngq9WoX6evutmHPNulMe3Wt9vM9r9SpaxLXF3OY1tcQpqHGbkr2YPgTz3BXzpeoVK16AOPGQ+Y/DIBEaAg==][lmaDL7uNHRhpIYsdkl895l7SKBChPkeyyI0xc/gm36JHmh5/8JET/U47t+E/OcP3jK+jk1zv7bT48oSkeJepqA==][YXibsDOmFbFsy4s7j/r2CPV/TBlxYmKi5oeZHq9pVYerC7LWtKuk316+nCk/z9wPNjYKOxmEktFPgW3Wz4m+kg==]}
{"logTime": "0418/042108", "correlationVector":"4pdI0NGzQJScryhK4aLah7.2","action":"EncryptionKeysManager::SetEncryptionKeysWithTimestamps:", "result":"Success", "context":Key timestamps[9]:[2020-10-12T23:52:57Z][2021-04-14T23:57:34Z][2021-10-12T01:29:09Z][2022-04-12T02:49:38Z][2022-10-13T22:59:40Z][2023-05-02T05:14:48Z][2024-01-27T20:44:58Z][2024-07-31T04:50:29Z][2025-04-18T02:33:57Z]}
{"logTime": "0418/042108", "correlationVector":"XyTckNlwYSY5MP1wNj70xO","action":"Initial GetUpdates", "result":"", "context":Reason: NEW_CLIENT. cV=XyTckNlwYSY5MP1wNj70xO}
{"logTime": "0418/042108", "correlationVector":"XyTckNlwYSY5MP1wNj70xO.3","action":"GetUpdates Response", "result":"Success", "context":Received 1 update(s). cV=XyTckNlwYSY5MP1wNj70xO.0;server=akswtt00600007t;cloudType=Consumer;environment=Prod_centralus_prod-s01-068-nam-centralus;migrationStage=NotStarted}
{"logTime": "0418/042108", "correlationVector":"n6a/0ArCG7Bllxl4uSgT7x","action":"Initial GetUpdates", "result":"", "context":Reason: NEWLY_SUPPORTED_DATATYPE. cV=n6a/0ArCG7Bllxl4uSgT7x}
{"logTime": "0418/042108", "correlationVector":"n6a/0ArCG7Bllxl4uSgT7x.1","action":"SyncServerConnectionManagerRequest", "result":"SYNC_SERVER_OK", "context":{"environment":"Prod_centralus_prod-s01-068-nam-centralus", "migrationStage":"NotStarted", "server":"akswtt00600005y"}}
{"logTime": "0418/042108", "correlationVector":"n6a/0ArCG7Bllxl4uSgT7x.2","action":"ProcessGetUpdates", "result":"Done", "context":{"dataType":"Passwords", "deleted":"1", "process_failed_to_decrypt":"0", "process_pending_decryption":"0", "process_success":"18", "total":"18"}}
{"logTime": "0418/042108", "correlationVector":"n6a/0ArCG7Bllxl4uSgT7x.3","action":"GetUpdates Response", "result":"Success", "context":Received 18 update(s). cV=n6a/0ArCG7Bllxl4uSgT7x.0;server=akswtt00600005y;cloudType=Consumer;environment=Prod_centralus_prod-s01-068-nam-centralus;migrationStage=NotStarted}
{"logTime": "0418/042108", "correlationVector":"Gn2OfgFqZGnwewk4WwgA7L","action":"Normal GetUpdate request", "result":"", "context":cV=Gn2OfgFqZGnwewk4WwgA7L
Nudged types: Preferences, Autofill Profiles, Sessions, History
Refresh requested types: Bookmarks, Preferences, Passwords, Autofill Profiles, Autofill, Extensions, Sessions, Extension settings, History Delete Directives, Device Info, User Consents, Send Tab To Self, Web Apps, History, Saved Tab Group, Collection, Edge E Drop, Edge Hub App Usage, Edge Tab Group, Edge Wallet, Encryption Keys}
{"logTime": "0418/042108", "correlationVector":"Gn2OfgFqZGnwewk4WwgA7L.1","action":"SyncServerConnectionManagerRequest", "result":"SYNC_SERVER_OK", "context":{"environment":"Prod_centralus_prod-s01-068-nam-centralus", "migrationStage":"NotStarted", "server":"akswtt006000010"}}
{"logTime": "0418/042108", "correlationVector":"Gn2OfgFqZGnwewk4WwgA7L.2","action":"ProcessGetUpdates", "result":"Done", "context":{"dataType":"Preferences", "deleted":"0", "process_failed_to_decrypt":"0", "process_pending_decryption":"0", "process_success":"1", "total":"1"}}
{"logTime": "0418/042108", "correlationVector":"Gn2OfgFqZGnwewk4WwgA7L.3","action":"ProcessGetUpdates", "result":"Done", "context":{"dataType":"Autofill Profiles", "deleted":"1", "process_failed_to_decrypt":"0", "process_pending_decryption":"0", "process_success":"1", "total":"1"}}
{"logTime": "0418/042108", "correlationVector":"Gn2OfgFqZGnwewk4WwgA7L.4","action":"ProcessGetUpdates", "result":"Done", "context":{"dataType":"Sessions", "deleted":"1", "process_failed_to_decrypt":"0", "process_pending_decryption":"0", "process_success":"3", "total":"3"}}
{"logTime": "0418/042108", "correlationVector":"Gn2OfgFqZGnwewk4WwgA7L.5","action":"ProcessGetUpdates", "result":"Done", "context":{"dataType":"Device Info", "deleted":"0", "process_failed_to_decrypt":"0", "process_pending_decryption":"0", "process_success":"1", "total":"1"}}
{"logTime": "0418/042108", "correlationVector":"Gn2OfgFqZGnwewk4WwgA7L.6","action":"ProcessGetUpdates", "result":"Done", "context":{"dataType":"History", "deleted":"0", "process_failed_to_decrypt":"0", "process_pending_decryption":"0", "process_success":"3", "total":"3"}}
{"logTime": "0418/042108", "correlationVector":"Gn2OfgFqZGnwewk4WwgA7L.7","action":"GetUpdates Response", "result":"Success", "context":Received 9 update(s). cV=Gn2OfgFqZGnwewk4WwgA7L.0;server=akswtt006000010;cloudType=Consumer;environment=Prod_centralus_prod-s01-068-nam-centralus;migrationStage=NotStarted}
{"logTime": "0418/042108", "correlationVector":"44rs9BBPVCummBeTDpwIhi","action":"Commit Request", "result":"", "context":Item count: 1
Contributing types: History}
{"logTime": "0418/042109", "correlationVector":"44rs9BBPVCummBeTDpwIhi.1","action":"SyncServerConnectionManagerRequest", "result":"SYNC_SERVER_OK", "context":{"environment":"Prod_centralus_prod-s01-068-nam-centralus", "migrationStage":"NotStarted", "server":"akswtt00600000q"}}
{"logTime": "0418/042109", "correlationVector":"44rs9BBPVCummBeTDpwIhi.2","action":"Commit Response", "result":"Success", "context":Result: Success. cV=44rs9BBPVCummBeTDpwIhi.0;server=akswtt00600000q;cloudType=Consumer;environment=Prod_centralus_prod-s01-068-nam-centralus;migrationStage=NotStarted}
{"logTime": "0418/042111", "correlationVector":"ToA8LsZVgu9eEzFP2XsK/4","action":"Commit Request", "result":"", "context":Item count: 4
Contributing types: Preferences, Sessions, History}
{"logTime": "0418/042111", "correlationVector":"ToA8LsZVgu9eEzFP2XsK/4.1","action":"SyncServerConnectionManagerRequest", "result":"SYNC_SERVER_OK", "context":{"environment":"Prod_centralus_prod-s01-068-nam-centralus", "migrationStage":"NotStarted", "server":"akswtt00600005b"}}
{"logTime": "0418/042111", "correlationVector":"ToA8LsZVgu9eEzFP2XsK/4.2","action":"Commit Response", "result":"Success", "context":Result: Success. cV=ToA8LsZVgu9eEzFP2XsK/4.0;server=akswtt00600005b;cloudType=Consumer;environment=Prod_centralus_prod-s01-068-nam-centralus;migrationStage=NotStarted}
{"logTime": "0418/042757", "correlationVector":"RQZW4O9DMHsDDLxFoXqTkI.1","action":"SyncServerConnectionManagerRequest", "result":"SYNC_SERVER_OK", "context":{"environment":"Prod_centralus_prod-s01-068-nam-centralus", "migrationStage":"NotStarted", "server":"akswtt00600004r"}}
{"logTime": "0418/042757", "correlationVector":"RQZW4O9DMHsDDLxFoXqTkI.2","action":"ProcessGetUpdates", "result":"Done", "context":{"dataType":"Encryption Keys", "deleted":"0", "process_failed_to_decrypt":"0", "process_pending_decryption":"0", "process_success":"1", "total":"1"}}
{"logTime": "0418/042757", "correlationVector":"xRk+veTDs+ClKJ82sTiRAS","action":"SyncServerConnectionManagerRequest", "result":"SYNC_SERVER_OK", "context":{"environment":"", "migrationStage":"", "server":""}}
{"logTime": "0418/042757", "correlationVector":"xRk+veTDs+ClKJ82sTiRAS.0","action":"EncryptionKeysFetcher.DownloadKeys:", "result":"Success", "context":Key count: 9, Last key timestamp: 2025-04-18T02:33:57Z}
{"logTime": "0418/042757", "correlationVector":"xRk+veTDs+ClKJ82sTiRAS.1","action":"EncryptionKeysManager::SetEncryptionKeys:", "result":"Success", "context":Key names[9]:[rs35apxTBSeM/yUK1IXQis8795InEAMuhRuv2zwJxkQ6wL72668T5YCqRpaXOFvZGDlTsRYfpFGQuKtDs/0VXw==][Yc6chQBqt9RBDg8A4c52qFXcVz8gR42xDQ9aWZ2TvrL10dYxw3JOTArvlWt8LcJtN5ZkZqRSBR81i462qY05cw==][hbir+rvH3zSmZrmUIY/+0ha+LK9WZbSzmFpu76RL9+wCINGSiDjmUMjg+EwbmLmnB6zO8k4Q95gQvMbl/wnuIg==][NgdgYWGaDIQJ+7Gw5Fp+UqgIGiv6vkmUXzShRlJWlHXHn42q04A3luwsw+mg/xzI76FVpS91g9R47Q4PAsR5fA==][22oYStcqVPVVoYJ2AyaB+UOY1l+LSUZJRs3LdmXhYzsDi3stsMNvKiafyoSXOZEHVTqNQMss0NTZ3HjDBE5lHA==][86IteGmeOUnvH+W+2qL+7eWeSkI1leM1Zz+Y015/0H1JF0wvk/M52kCqq+gjC+mNambLBTiklg1X5if2D14IiQ==][WH08ngq9WoX6evutmHPNulMe3Wt9vM9r9SpaxLXF3OY1tcQpqHGbkr2YPgTz3BXzpeoVK16AOPGQ+Y/DIBEaAg==][lmaDL7uNHRhpIYsdkl895l7SKBChPkeyyI0xc/gm36JHmh5/8JET/U47t+E/OcP3jK+jk1zv7bT48oSkeJepqA==][YXibsDOmFbFsy4s7j/r2CPV/TBlxYmKi5oeZHq9pVYerC7LWtKuk316+nCk/z9wPNjYKOxmEktFPgW3Wz4m+kg==]}
{"logTime": "0418/042757", "correlationVector":"xRk+veTDs+ClKJ82sTiRAS.2","action":"EncryptionKeysManager::SetEncryptionKeysWithTimestamps:", "result":"Success", "context":Key timestamps[9]:[2020-10-12T23:52:57Z][2021-04-14T23:57:34Z][2021-10-12T01:29:09Z][2022-04-12T02:49:38Z][2022-10-13T22:59:40Z][2023-05-02T05:14:48Z][2024-01-27T20:44:58Z][2024-07-31T04:50:29Z][2025-04-18T02:33:57Z]}
{"logTime": "0418/042757", "correlationVector":"RQZW4O9DMHsDDLxFoXqTkI","action":"Initial GetUpdates", "result":"", "context":Reason: NEW_CLIENT. cV=RQZW4O9DMHsDDLxFoXqTkI}
{"logTime": "0418/042757", "correlationVector":"RQZW4O9DMHsDDLxFoXqTkI.3","action":"GetUpdates Response", "result":"Success", "context":Received 1 update(s). cV=RQZW4O9DMHsDDLxFoXqTkI.0;server=akswtt00600004r;cloudType=Consumer;environment=Prod_centralus_prod-s01-068-nam-centralus;migrationStage=NotStarted}
{"logTime": "0418/042757", "correlationVector":"gwihlsDJQceBM99lWp6j6f","action":"Initial GetUpdates", "result":"", "context":Reason: NEWLY_SUPPORTED_DATATYPE. cV=gwihlsDJQceBM99lWp6j6f}
{"logTime": "0418/042758", "correlationVector":"gwihlsDJQceBM99lWp6j6f.1","action":"SyncServerConnectionManagerRequest", "result":"SYNC_SERVER_OK", "context":{"environment":"Prod_centralus_prod-s01-068-nam-centralus", "migrationStage":"NotStarted", "server":"akswtt00600006e"}}
{"logTime": "0418/042758", "correlationVector":"gwihlsDJQceBM99lWp6j6f.2","action":"ProcessGetUpdates", "result":"Done", "context":{"dataType":"Passwords", "deleted":"1", "process_failed_to_decrypt":"0", "process_pending_decryption":"0", "process_success":"18", "total":"18"}}
{"logTime": "0418/042758", "correlationVector":"gwihlsDJQceBM99lWp6j6f.3","action":"GetUpdates Response", "result":"Success", "context":Received 18 update(s). cV=gwihlsDJQceBM99lWp6j6f.0;server=akswtt00600006e;cloudType=Consumer;environment=Prod_centralus_prod-s01-068-nam-centralus;migrationStage=NotStarted}
{"logTime": "0418/042758", "correlationVector":"bHr6hb4ombOBeSkPjdfpdz","action":"Normal GetUpdate request", "result":"", "context":cV=bHr6hb4ombOBeSkPjdfpdz
Nudged types: Sessions, Device Info, History
Refresh requested types: Bookmarks, Preferences, Passwords, Autofill Profiles, Autofill, Extensions, Sessions, Extension settings, History Delete Directives, Device Info, User Consents, Send Tab To Self, Web Apps, History, Saved Tab Group, Collection, Edge E Drop, Edge Hub App Usage, Edge Tab Group, Edge Wallet, Encryption Keys}
{"logTime": "0418/042758", "correlationVector":"bHr6hb4ombOBeSkPjdfpdz.1","action":"SyncServerConnectionManagerRequest", "result":"SYNC_SERVER_OK", "context":{"environment":"Prod_centralus_prod-s01-068-nam-centralus", "migrationStage":"NotStarted", "server":"akswtt00600004j"}}
{"logTime": "0418/042758", "correlationVector":"bHr6hb4ombOBeSkPjdfpdz.2","action":"ProcessGetUpdates", "result":"Done", "context":{"dataType":"Preferences", "deleted":"0", "process_failed_to_decrypt":"0", "process_pending_decryption":"0", "process_success":"1", "total":"1"}}
{"logTime": "0418/042758", "correlationVector":"bHr6hb4ombOBeSkPjdfpdz.3","action":"ProcessGetUpdates", "result":"Done", "context":{"dataType":"Sessions", "deleted":"0", "process_failed_to_decrypt":"0", "process_pending_decryption":"0", "process_success":"2", "total":"2"}}
{"logTime": "0418/042758", "correlationVector":"bHr6hb4ombOBeSkPjdfpdz.4","action":"ProcessGetUpdates", "result":"Done", "context":{"dataType":"History", "deleted":"0", "process_failed_to_decrypt":"0", "process_pending_decryption":"0", "process_success":"1", "total":"1"}}
{"logTime": "0418/042758", "correlationVector":"bHr6hb4ombOBeSkPjdfpdz.5","action":"GetUpdates Response", "result":"Success", "context":Received 4 update(s). cV=bHr6hb4ombOBeSkPjdfpdz.0;server=akswtt00600004j;cloudType=Consumer;environment=Prod_centralus_prod-s01-068-nam-centralus;migrationStage=NotStarted}
{"logTime": "0418/042758", "correlationVector":"qmmlzDHxYXNT/sKMTTel+m","action":"Commit Request", "result":"", "context":Item count: 6
Contributing types: Sessions, Device Info, History}
{"logTime": "0418/042758", "correlationVector":"qmmlzDHxYXNT/sKMTTel+m.1","action":"SyncServerConnectionManagerRequest", "result":"SYNC_SERVER_OK", "context":{"environment":"Prod_centralus_prod-s01-068-nam-centralus", "migrationStage":"NotStarted", "server":"akswtt00600005i"}}
{"logTime": "0418/042758", "correlationVector":"qmmlzDHxYXNT/sKMTTel+m.2","action":"Commit Response", "result":"Success", "context":Result: Success. cV=qmmlzDHxYXNT/sKMTTel+m.0;server=akswtt00600005i;cloudType=Consumer;environment=Prod_centralus_prod-s01-068-nam-centralus;migrationStage=NotStarted}
{"logTime": "0418/042758", "correlationVector":"qmmlzDHxYXNT/sKMTTel+m.3","action":"Commit.Sessions", "result":"Success", "context":{"id":"c3a25076-b9c4-4000-9fc6-d0977df18e18", "isDeleted":"true", "size":"0", "version":"1744950069690"}}
{"logTime": "0418/042758", "correlationVector":"cG1Rt/ydNHjJaG84FALeUZ","action":"Commit Request", "result":"", "context":Item count: 1
Contributing types: Preferences}
{"logTime": "0418/042759", "correlationVector":"cG1Rt/ydNHjJaG84FALeUZ.1","action":"SyncServerConnectionManagerRequest", "result":"SYNC_SERVER_OK", "context":{"environment":"Prod_centralus_prod-s01-068-nam-centralus", "migrationStage":"NotStarted", "server":"akswtt00600004u"}}
{"logTime": "0418/042759", "correlationVector":"cG1Rt/ydNHjJaG84FALeUZ.2","action":"Commit Response", "result":"Success", "context":Result: Success. cV=cG1Rt/ydNHjJaG84FALeUZ.0;server=akswtt00600004u;cloudType=Consumer;environment=Prod_centralus_prod-s01-068-nam-centralus;migrationStage=NotStarted}
{"logTime": "0418/042859", "correlationVector":"l0kcnFzailFgN5odiSYsc0","action":"Commit Request", "result":"", "context":Item count: 2
Contributing types: Sessions, History}
{"logTime": "0418/042900", "correlationVector":"l0kcnFzailFgN5odiSYsc0.1","action":"SyncServerConnectionManagerRequest", "result":"SYNC_SERVER_OK", "context":{"environment":"Prod_centralus_prod-s01-068-nam-centralus", "migrationStage":"NotStarted", "server":"akswtt00600007h"}}
{"logTime": "0418/042900", "correlationVector":"l0kcnFzailFgN5odiSYsc0.2","action":"Commit Response", "result":"Success", "context":Result: Success. cV=l0kcnFzailFgN5odiSYsc0.0;server=akswtt00600007h;cloudType=Consumer;environment=Prod_centralus_prod-s01-068-nam-centralus;migrationStage=NotStarted}
{"logTime": "0418/052605", "correlationVector":"vT9Hckgo82AESH/OoPdawW.1","action":"SyncServerConnectionManagerRequest", "result":"SYNC_SERVER_OK", "context":{"environment":"Prod_centralus_prod-s01-068-nam-centralus", "migrationStage":"NotStarted", "server":"akswtt00600007i"}}
{"logTime": "0418/052605", "correlationVector":"vT9Hckgo82AESH/OoPdawW.2","action":"ProcessGetUpdates", "result":"Done", "context":{"dataType":"Encryption Keys", "deleted":"0", "process_failed_to_decrypt":"0", "process_pending_decryption":"0", "process_success":"1", "total":"1"}}
{"logTime": "0418/052606", "correlationVector":"hGMLx88II8ATe/Kd4CUn2M","action":"SyncServerConnectionManagerRequest", "result":"SYNC_SERVER_OK", "context":{"environment":"", "migrationStage":"", "server":""}}
{"logTime": "0418/052606", "correlationVector":"hGMLx88II8ATe/Kd4CUn2M.0","action":"EncryptionKeysFetcher.DownloadKeys:", "result":"Success", "context":Key count: 9, Last key timestamp: 2025-04-18T02:33:57Z}
{"logTime": "0418/052606", "correlationVector":"hGMLx88II8ATe/Kd4CUn2M.1","action":"EncryptionKeysManager::SetEncryptionKeys:", "result":"Success", "context":Key names[9]:[rs35apxTBSeM/yUK1IXQis8795InEAMuhRuv2zwJxkQ6wL72668T5YCqRpaXOFvZGDlTsRYfpFGQuKtDs/0VXw==][Yc6chQBqt9RBDg8A4c52qFXcVz8gR42xDQ9aWZ2TvrL10dYxw3JOTArvlWt8LcJtN5ZkZqRSBR81i462qY05cw==][hbir+rvH3zSmZrmUIY/+0ha+LK9WZbSzmFpu76RL9+wCINGSiDjmUMjg+EwbmLmnB6zO8k4Q95gQvMbl/wnuIg==][NgdgYWGaDIQJ+7Gw5Fp+UqgIGiv6vkmUXzShRlJWlHXHn42q04A3luwsw+mg/xzI76FVpS91g9R47Q4PAsR5fA==][22oYStcqVPVVoYJ2AyaB+UOY1l+LSUZJRs3LdmXhYzsDi3stsMNvKiafyoSXOZEHVTqNQMss0NTZ3HjDBE5lHA==][86IteGmeOUnvH+W+2qL+7eWeSkI1leM1Zz+Y015/0H1JF0wvk/M52kCqq+gjC+mNambLBTiklg1X5if2D14IiQ==][WH08ngq9WoX6evutmHPNulMe3Wt9vM9r9SpaxLXF3OY1tcQpqHGbkr2YPgTz3BXzpeoVK16AOPGQ+Y/DIBEaAg==][lmaDL7uNHRhpIYsdkl895l7SKBChPkeyyI0xc/gm36JHmh5/8JET/U47t+E/OcP3jK+jk1zv7bT48oSkeJepqA==][YXibsDOmFbFsy4s7j/r2CPV/TBlxYmKi5oeZHq9pVYerC7LWtKuk316+nCk/z9wPNjYKOxmEktFPgW3Wz4m+kg==]}
{"logTime": "0418/052606", "correlationVector":"hGMLx88II8ATe/Kd4CUn2M.2","action":"EncryptionKeysManager::SetEncryptionKeysWithTimestamps:", "result":"Success", "context":Key timestamps[9]:[2020-10-12T23:52:57Z][2021-04-14T23:57:34Z][2021-10-12T01:29:09Z][2022-04-12T02:49:38Z][2022-10-13T22:59:40Z][2023-05-02T05:14:48Z][2024-01-27T20:44:58Z][2024-07-31T04:50:29Z][2025-04-18T02:33:57Z]}
{"logTime": "0418/052606", "correlationVector":"vT9Hckgo82AESH/OoPdawW","action":"Initial GetUpdates", "result":"", "context":Reason: NEW_CLIENT. cV=vT9Hckgo82AESH/OoPdawW}
{"logTime": "0418/052606", "correlationVector":"vT9Hckgo82AESH/OoPdawW.3","action":"GetUpdates Response", "result":"Success", "context":Received 1 update(s). cV=vT9Hckgo82AESH/OoPdawW.0;server=akswtt00600007i;cloudType=Consumer;environment=Prod_centralus_prod-s01-068-nam-centralus;migrationStage=NotStarted}
{"logTime": "0418/052606", "correlationVector":"pImk1yCBBGnoQRc5hJwFbp","action":"Initial GetUpdates", "result":"", "context":Reason: NEWLY_SUPPORTED_DATATYPE. cV=pImk1yCBBGnoQRc5hJwFbp}
{"logTime": "0418/052606", "correlationVector":"pImk1yCBBGnoQRc5hJwFbp.1","action":"SyncServerConnectionManagerRequest", "result":"SYNC_SERVER_OK", "context":{"environment":"Prod_centralus_prod-s01-068-nam-centralus", "migrationStage":"NotStarted", "server":"akswtt006000063"}}
{"logTime": "0418/052606", "correlationVector":"pImk1yCBBGnoQRc5hJwFbp.2","action":"ProcessGetUpdates", "result":"Done", "context":{"dataType":"Passwords", "deleted":"1", "process_failed_to_decrypt":"0", "process_pending_decryption":"0", "process_success":"18", "total":"18"}}
{"logTime": "0418/052606", "correlationVector":"pImk1yCBBGnoQRc5hJwFbp.3","action":"GetUpdates Response", "result":"Success", "context":Received 18 update(s). cV=pImk1yCBBGnoQRc5hJwFbp.0;server=akswtt006000063;cloudType=Consumer;environment=Prod_centralus_prod-s01-068-nam-centralus;migrationStage=NotStarted}
{"logTime": "0418/052606", "correlationVector":"fqiXFV0DBHtnmXl7i7NcXs","action":"Normal GetUpdate request", "result":"", "context":cV=fqiXFV0DBHtnmXl7i7NcXs
Nudged types: Sessions, Device Info, History
Refresh requested types: Bookmarks, Preferences, Passwords, Autofill Profiles, Autofill, Extensions, Sessions, Extension settings, History Delete Directives, Device Info, User Consents, Send Tab To Self, Web Apps, History, Saved Tab Group, Collection, Edge E Drop, Edge Hub App Usage, Edge Tab Group, Edge Wallet, Encryption Keys}
{"logTime": "0418/052606", "correlationVector":"fqiXFV0DBHtnmXl7i7NcXs.1","action":"SyncServerConnectionManagerRequest", "result":"SYNC_SERVER_OK", "context":{"environment":"Prod_centralus_prod-s01-068-nam-centralus", "migrationStage":"NotStarted", "server":"akswtt00600007k"}}
{"logTime": "0418/052606", "correlationVector":"fqiXFV0DBHtnmXl7i7NcXs.2","action":"ProcessGetUpdates", "result":"Done", "context":{"dataType":"Preferences", "deleted":"0", "process_failed_to_decrypt":"0", "process_pending_decryption":"0", "process_success":"1", "total":"1"}}
{"logTime": "0418/052606", "correlationVector":"fqiXFV0DBHtnmXl7i7NcXs.3","action":"ProcessGetUpdates", "result":"Done", "context":{"dataType":"Sessions", "deleted":"1", "process_failed_to_decrypt":"0", "process_pending_decryption":"0", "process_success":"3", "total":"3"}}
{"logTime": "0418/052606", "correlationVector":"fqiXFV0DBHtnmXl7i7NcXs.4","action":"ProcessGetUpdates", "result":"Done", "context":{"dataType":"Device Info", "deleted":"0", "process_failed_to_decrypt":"0", "process_pending_decryption":"0", "process_success":"1", "total":"1"}}
{"logTime": "0418/052606", "correlationVector":"fqiXFV0DBHtnmXl7i7NcXs.5","action":"ProcessGetUpdates", "result":"Done", "context":{"dataType":"History", "deleted":"0", "process_failed_to_decrypt":"0", "process_pending_decryption":"0", "process_success":"2", "total":"2"}}
{"logTime": "0418/052606", "correlationVector":"fqiXFV0DBHtnmXl7i7NcXs.6","action":"GetUpdates Response", "result":"Success", "context":Received 7 update(s). cV=fqiXFV0DBHtnmXl7i7NcXs.0;server=akswtt00600007k;cloudType=Consumer;environment=Prod_centralus_prod-s01-068-nam-centralus;migrationStage=NotStarted}
{"logTime": "0418/052606", "correlationVector":"nqgixwiVN7Ot8tvV7D5KtO","action":"Commit Request", "result":"", "context":Item count: 6
Contributing types: Sessions, Device Info, History}
{"logTime": "0418/052607", "correlationVector":"nqgixwiVN7Ot8tvV7D5KtO.1","action":"SyncServerConnectionManagerRequest", "result":"SYNC_SERVER_OK", "context":{"environment":"Prod_centralus_prod-s01-068-nam-centralus", "migrationStage":"NotStarted", "server":"akswtt006000055"}}
{"logTime": "0418/052607", "correlationVector":"nqgixwiVN7Ot8tvV7D5KtO.2","action":"Commit Response", "result":"Success", "context":Result: Success. cV=nqgixwiVN7Ot8tvV7D5KtO.0;server=akswtt006000055;cloudType=Consumer;environment=Prod_centralus_prod-s01-068-nam-centralus;migrationStage=NotStarted}
{"logTime": "0418/052607", "correlationVector":"nqgixwiVN7Ot8tvV7D5KtO.3","action":"Commit.Sessions", "result":"Success", "context":{"id":"402a00e0-fcbf-469b-b9c9-7d548871b7f2", "isDeleted":"true", "size":"0", "version":"1744950538096"}}
{"logTime": "0418/052607", "correlationVector":"br1irq4wT+V1QfylYWNs5p","action":"Commit Request", "result":"", "context":Item count: 1
Contributing types: Preferences}
{"logTime": "0418/052607", "correlationVector":"br1irq4wT+V1QfylYWNs5p.1","action":"SyncServerConnectionManagerRequest", "result":"SYNC_SERVER_OK", "context":{"environment":"Prod_centralus_prod-s01-068-nam-centralus", "migrationStage":"NotStarted", "server":"akswtt006000004"}}
{"logTime": "0418/052607", "correlationVector":"br1irq4wT+V1QfylYWNs5p.2","action":"Commit Response", "result":"Success", "context":Result: Success. cV=br1irq4wT+V1QfylYWNs5p.0;server=akswtt006000004;cloudType=Consumer;environment=Prod_centralus_prod-s01-068-nam-centralus;migrationStage=NotStarted}
{"logTime": "0418/052708", "correlationVector":"b+CSWJ6fFFzXm+IB/cM2Mj","action":"Commit Request", "result":"", "context":Item count: 2
Contributing types: Sessions, History}
{"logTime": "0418/052708", "correlationVector":"b+CSWJ6fFFzXm+IB/cM2Mj.1","action":"SyncServerConnectionManagerRequest", "result":"SYNC_SERVER_OK", "context":{"environment":"Prod_centralus_prod-s01-068-nam-centralus", "migrationStage":"NotStarted", "server":"akswtt00600000s"}}
{"logTime": "0418/052708", "correlationVector":"b+CSWJ6fFFzXm+IB/cM2Mj.2","action":"Commit Response", "result":"Success", "context":Result: Success. cV=b+CSWJ6fFFzXm+IB/cM2Mj.0;server=akswtt00600000s;cloudType=Consumer;environment=Prod_centralus_prod-s01-068-nam-centralus;migrationStage=NotStarted}
{"logTime": "0418/054301", "correlationVector":"SKJr7P+aQbtqreRPzoPZ19","action":"Commit Request", "result":"", "context":Item count: 6
Contributing types: Sessions, History}
{"logTime": "0418/054301", "correlationVector":"SKJr7P+aQbtqreRPzoPZ19.1","action":"SyncServerConnectionManagerRequest", "result":"SYNC_SERVER_OK", "context":{"environment":"Prod_centralus_prod-s01-068-nam-centralus", "migrationStage":"NotStarted", "server":"akswtt006000078"}}
{"logTime": "0418/054301", "correlationVector":"SKJr7P+aQbtqreRPzoPZ19.2","action":"Commit Response", "result":"Success", "context":Result: Success. cV=SKJr7P+aQbtqreRPzoPZ19.0;server=akswtt006000078;cloudType=Consumer;environment=Prod_centralus_prod-s01-068-nam-centralus;migrationStage=NotStarted}
{"logTime": "0418/055333", "correlationVector":"+4ZuGWVln4Qvq5gvATrRUd","action":"Commit Request", "result":"", "context":Item count: 1
Contributing types: Sessions}
{"logTime": "0418/055334", "correlationVector":"+4ZuGWVln4Qvq5gvATrRUd.1","action":"SyncServerConnectionManagerRequest", "result":"SYNC_SERVER_OK", "context":{"environment":"Prod_centralus_prod-s01-068-nam-centralus", "migrationStage":"NotStarted", "server":"akswtt006000074"}}
{"logTime": "0418/055334", "correlationVector":"+4ZuGWVln4Qvq5gvATrRUd.2","action":"Commit Response", "result":"Success", "context":Result: Success. cV=+4ZuGWVln4Qvq5gvATrRUd.0;server=akswtt006000074;cloudType=Consumer;environment=Prod_centralus_prod-s01-068-nam-centralus;migrationStage=NotStarted}
{"logTime": "0418/075715", "correlationVector":"iO8wuUWkVFNkHRGN6IDAvX.1","action":"SyncServerConnectionManagerRequest", "result":"SYNC_SERVER_OK", "context":{"environment":"Prod_centralus_prod-s01-068-nam-centralus", "migrationStage":"NotStarted", "server":"akswtt00600008t"}}
{"logTime": "0418/075715", "correlationVector":"iO8wuUWkVFNkHRGN6IDAvX.2","action":"ProcessGetUpdates", "result":"Done", "context":{"dataType":"Encryption Keys", "deleted":"0", "process_failed_to_decrypt":"0", "process_pending_decryption":"0", "process_success":"1", "total":"1"}}
{"logTime": "0418/075715", "correlationVector":"ZjJC320ODzceo3gMqBCeJu","action":"SyncServerConnectionManagerRequest", "result":"SYNC_SERVER_OK", "context":{"environment":"", "migrationStage":"", "server":""}}
{"logTime": "0418/075715", "correlationVector":"ZjJC320ODzceo3gMqBCeJu.0","action":"EncryptionKeysFetcher.DownloadKeys:", "result":"Success", "context":Key count: 9, Last key timestamp: 2025-04-18T02:33:57Z}
{"logTime": "0418/075715", "correlationVector":"ZjJC320ODzceo3gMqBCeJu.1","action":"EncryptionKeysManager::SetEncryptionKeys:", "result":"Success", "context":Key names[9]:[rs35apxTBSeM/yUK1IXQis8795InEAMuhRuv2zwJxkQ6wL72668T5YCqRpaXOFvZGDlTsRYfpFGQuKtDs/0VXw==][Yc6chQBqt9RBDg8A4c52qFXcVz8gR42xDQ9aWZ2TvrL10dYxw3JOTArvlWt8LcJtN5ZkZqRSBR81i462qY05cw==][hbir+rvH3zSmZrmUIY/+0ha+LK9WZbSzmFpu76RL9+wCINGSiDjmUMjg+EwbmLmnB6zO8k4Q95gQvMbl/wnuIg==][NgdgYWGaDIQJ+7Gw5Fp+UqgIGiv6vkmUXzShRlJWlHXHn42q04A3luwsw+mg/xzI76FVpS91g9R47Q4PAsR5fA==][22oYStcqVPVVoYJ2AyaB+UOY1l+LSUZJRs3LdmXhYzsDi3stsMNvKiafyoSXOZEHVTqNQMss0NTZ3HjDBE5lHA==][86IteGmeOUnvH+W+2qL+7eWeSkI1leM1Zz+Y015/0H1JF0wvk/M52kCqq+gjC+mNambLBTiklg1X5if2D14IiQ==][WH08ngq9WoX6evutmHPNulMe3Wt9vM9r9SpaxLXF3OY1tcQpqHGbkr2YPgTz3BXzpeoVK16AOPGQ+Y/DIBEaAg==][lmaDL7uNHRhpIYsdkl895l7SKBChPkeyyI0xc/gm36JHmh5/8JET/U47t+E/OcP3jK+jk1zv7bT48oSkeJepqA==][YXibsDOmFbFsy4s7j/r2CPV/TBlxYmKi5oeZHq9pVYerC7LWtKuk316+nCk/z9wPNjYKOxmEktFPgW3Wz4m+kg==]}
{"logTime": "0418/075715", "correlationVector":"ZjJC320ODzceo3gMqBCeJu.2","action":"EncryptionKeysManager::SetEncryptionKeysWithTimestamps:", "result":"Success", "context":Key timestamps[9]:[2020-10-12T23:52:57Z][2021-04-14T23:57:34Z][2021-10-12T01:29:09Z][2022-04-12T02:49:38Z][2022-10-13T22:59:40Z][2023-05-02T05:14:48Z][2024-01-27T20:44:58Z][2024-07-31T04:50:29Z][2025-04-18T02:33:57Z]}
{"logTime": "0418/075715", "correlationVector":"iO8wuUWkVFNkHRGN6IDAvX","action":"Initial GetUpdates", "result":"", "context":Reason: NEW_CLIENT. cV=iO8wuUWkVFNkHRGN6IDAvX}
{"logTime": "0418/075715", "correlationVector":"iO8wuUWkVFNkHRGN6IDAvX.3","action":"GetUpdates Response", "result":"Success", "context":Received 1 update(s). cV=iO8wuUWkVFNkHRGN6IDAvX.0;server=akswtt00600008t;cloudType=Consumer;environment=Prod_centralus_prod-s01-068-nam-centralus;migrationStage=NotStarted}
{"logTime": "0418/075715", "correlationVector":"k1AIOjmuE1eAYeNw4RPmSi","action":"Initial GetUpdates", "result":"", "context":Reason: NEWLY_SUPPORTED_DATATYPE. cV=k1AIOjmuE1eAYeNw4RPmSi}
{"logTime": "0418/075716", "correlationVector":"k1AIOjmuE1eAYeNw4RPmSi.1","action":"SyncServerConnectionManagerRequest", "result":"SYNC_SERVER_OK", "context":{"environment":"Prod_centralus_prod-s01-068-nam-centralus", "migrationStage":"NotStarted", "server":"akswtt00600005b"}}
{"logTime": "0418/075716", "correlationVector":"k1AIOjmuE1eAYeNw4RPmSi.2","action":"ProcessGetUpdates", "result":"Done", "context":{"dataType":"Passwords", "deleted":"1", "process_failed_to_decrypt":"0", "process_pending_decryption":"0", "process_success":"18", "total":"18"}}
{"logTime": "0418/075716", "correlationVector":"k1AIOjmuE1eAYeNw4RPmSi.3","action":"GetUpdates Response", "result":"Success", "context":Received 18 update(s). cV=k1AIOjmuE1eAYeNw4RPmSi.0;server=akswtt00600005b;cloudType=Consumer;environment=Prod_centralus_prod-s01-068-nam-centralus;migrationStage=NotStarted}
{"logTime": "0418/075716", "correlationVector":"NkTMo1/mMHoC4+ymwdTOGW","action":"Normal GetUpdate request", "result":"", "context":cV=NkTMo1/mMHoC4+ymwdTOGW
Nudged types: Sessions, History
Refresh requested types: Bookmarks, Preferences, Passwords, Autofill Profiles, Autofill, Extensions, Sessions, Extension settings, History Delete Directives, Device Info, User Consents, Send Tab To Self, Web Apps, History, Saved Tab Group, Collection, Edge E Drop, Edge Hub App Usage, Edge Tab Group, Edge Wallet, Encryption Keys}
{"logTime": "0418/075716", "correlationVector":"NkTMo1/mMHoC4+ymwdTOGW.1","action":"SyncServerConnectionManagerRequest", "result":"SYNC_SERVER_OK", "context":{"environment":"Prod_centralus_prod-s01-068-nam-centralus", "migrationStage":"NotStarted", "server":"akswtt00600005c"}}
{"logTime": "0418/075716", "correlationVector":"NkTMo1/mMHoC4+ymwdTOGW.2","action":"ProcessGetUpdates", "result":"Done", "context":{"dataType":"Preferences", "deleted":"0", "process_failed_to_decrypt":"0", "process_pending_decryption":"0", "process_success":"1", "total":"1"}}
{"logTime": "0418/075716", "correlationVector":"NkTMo1/mMHoC4+ymwdTOGW.3","action":"ProcessGetUpdates", "result":"Done", "context":{"dataType":"Sessions", "deleted":"2", "process_failed_to_decrypt":"0", "process_pending_decryption":"0", "process_success":"7", "total":"7"}}
{"logTime": "0418/075716", "correlationVector":"NkTMo1/mMHoC4+ymwdTOGW.4","action":"ProcessGetUpdates", "result":"Done", "context":{"dataType":"Device Info", "deleted":"0", "process_failed_to_decrypt":"0", "process_pending_decryption":"0", "process_success":"1", "total":"1"}}
{"logTime": "0418/075716", "correlationVector":"NkTMo1/mMHoC4+ymwdTOGW.5","action":"ProcessGetUpdates", "result":"Done", "context":{"dataType":"History", "deleted":"0", "process_failed_to_decrypt":"0", "process_pending_decryption":"0", "process_success":"10", "total":"10"}}
{"logTime": "0418/075716", "correlationVector":"NkTMo1/mMHoC4+ymwdTOGW.6","action":"GetUpdates Response", "result":"Success", "context":Received 19 update(s). cV=NkTMo1/mMHoC4+ymwdTOGW.0;server=akswtt00600005c;cloudType=Consumer;environment=Prod_centralus_prod-s01-068-nam-centralus;migrationStage=NotStarted}
{"logTime": "0418/075716", "correlationVector":"ICjWX7vSIYqa1JZwGADihn","action":"Commit Request", "result":"", "context":Item count: 1
Contributing types: History}
{"logTime": "0418/075716", "correlationVector":"ICjWX7vSIYqa1JZwGADihn.1","action":"SyncServerConnectionManagerRequest", "result":"SYNC_SERVER_OK", "context":{"environment":"Prod_centralus_prod-s01-068-nam-centralus", "migrationStage":"NotStarted", "server":"akswtt00600005a"}}
{"logTime": "0418/075716", "correlationVector":"ICjWX7vSIYqa1JZwGADihn.2","action":"Commit Response", "result":"Success", "context":Result: Success. cV=ICjWX7vSIYqa1JZwGADihn.0;server=akswtt00600005a;cloudType=Consumer;environment=Prod_centralus_prod-s01-068-nam-centralus;migrationStage=NotStarted}
{"logTime": "0418/075718", "correlationVector":"swyXv6+L6v341ef8sQZITE","action":"Commit Request", "result":"", "context":Item count: 4
Contributing types: Preferences, Sessions, History}
{"logTime": "0418/075718", "correlationVector":"swyXv6+L6v341ef8sQZITE.1","action":"SyncServerConnectionManagerRequest", "result":"SYNC_SERVER_OK", "context":{"environment":"Prod_centralus_prod-s01-068-nam-centralus", "migrationStage":"NotStarted", "server":"akswtt006000071"}}
{"logTime": "0418/075718", "correlationVector":"swyXv6+L6v341ef8sQZITE.2","action":"Commit Response", "result":"Success", "context":Result: Success. cV=swyXv6+L6v341ef8sQZITE.0;server=akswtt006000071;cloudType=Consumer;environment=Prod_centralus_prod-s01-068-nam-centralus;migrationStage=NotStarted}
{"logTime": "0418/075918", "correlationVector":"ZyppQBUASIIBqPAGqPc00t","action":"Commit Request", "result":"", "context":Item count: 4
Contributing types: Sessions, History}
{"logTime": "0418/075919", "correlationVector":"ZyppQBUASIIBqPAGqPc00t.1","action":"SyncServerConnectionManagerRequest", "result":"SYNC_SERVER_OK", "context":{"environment":"Prod_centralus_prod-s01-068-nam-centralus", "migrationStage":"NotStarted", "server":"akswtt00600000q"}}
{"logTime": "0418/075919", "correlationVector":"ZyppQBUASIIBqPAGqPc00t.2","action":"Commit Response", "result":"Success", "context":Result: Success. cV=ZyppQBUASIIBqPAGqPc00t.0;server=akswtt00600000q;cloudType=Consumer;environment=Prod_centralus_prod-s01-068-nam-centralus;migrationStage=NotStarted}
{"logTime": "0421/031652", "correlationVector":"U6GuxhROkgih/WyBmcKJK5.1","action":"SyncServerConnectionManagerRequest", "result":"SYNC_SERVER_OK", "context":{"environment":"Prod_centralus_prod-s01-068-nam-centralus", "migrationStage":"NotStarted", "server":"akswtt00700002h"}}
{"logTime": "0421/031652", "correlationVector":"U6GuxhROkgih/WyBmcKJK5.2","action":"ProcessGetUpdates", "result":"Done", "context":{"dataType":"Encryption Keys", "deleted":"0", "process_failed_to_decrypt":"0", "process_pending_decryption":"0", "process_success":"1", "total":"1"}}
{"logTime": "0421/031653", "correlationVector":"/4y/bzdvaRyeA1b3/8rL67","action":"SyncServerConnectionManagerRequest", "result":"SYNC_SERVER_OK", "context":{"environment":"", "migrationStage":"", "server":""}}
{"logTime": "0421/031653", "correlationVector":"/4y/bzdvaRyeA1b3/8rL67.0","action":"EncryptionKeysFetcher.DownloadKeys:", "result":"Success", "context":Key count: 9, Last key timestamp: 2025-04-18T02:33:57Z}
{"logTime": "0421/031653", "correlationVector":"/4y/bzdvaRyeA1b3/8rL67.1","action":"EncryptionKeysManager::SetEncryptionKeys:", "result":"Success", "context":Key names[9]:[rs35apxTBSeM/yUK1IXQis8795InEAMuhRuv2zwJxkQ6wL72668T5YCqRpaXOFvZGDlTsRYfpFGQuKtDs/0VXw==][Yc6chQBqt9RBDg8A4c52qFXcVz8gR42xDQ9aWZ2TvrL10dYxw3JOTArvlWt8LcJtN5ZkZqRSBR81i462qY05cw==][hbir+rvH3zSmZrmUIY/+0ha+LK9WZbSzmFpu76RL9+wCINGSiDjmUMjg+EwbmLmnB6zO8k4Q95gQvMbl/wnuIg==][NgdgYWGaDIQJ+7Gw5Fp+UqgIGiv6vkmUXzShRlJWlHXHn42q04A3luwsw+mg/xzI76FVpS91g9R47Q4PAsR5fA==][22oYStcqVPVVoYJ2AyaB+UOY1l+LSUZJRs3LdmXhYzsDi3stsMNvKiafyoSXOZEHVTqNQMss0NTZ3HjDBE5lHA==][86IteGmeOUnvH+W+2qL+7eWeSkI1leM1Zz+Y015/0H1JF0wvk/M52kCqq+gjC+mNambLBTiklg1X5if2D14IiQ==][WH08ngq9WoX6evutmHPNulMe3Wt9vM9r9SpaxLXF3OY1tcQpqHGbkr2YPgTz3BXzpeoVK16AOPGQ+Y/DIBEaAg==][lmaDL7uNHRhpIYsdkl895l7SKBChPkeyyI0xc/gm36JHmh5/8JET/U47t+E/OcP3jK+jk1zv7bT48oSkeJepqA==][YXibsDOmFbFsy4s7j/r2CPV/TBlxYmKi5oeZHq9pVYerC7LWtKuk316+nCk/z9wPNjYKOxmEktFPgW3Wz4m+kg==]}
{"logTime": "0421/031653", "correlationVector":"/4y/bzdvaRyeA1b3/8rL67.2","action":"EncryptionKeysManager::SetEncryptionKeysWithTimestamps:", "result":"Success", "context":Key timestamps[9]:[2020-10-12T23:52:57Z][2021-04-14T23:57:34Z][2021-10-12T01:29:09Z][2022-04-12T02:49:38Z][2022-10-13T22:59:40Z][2023-05-02T05:14:48Z][2024-01-27T20:44:58Z][2024-07-31T04:50:29Z][2025-04-18T02:33:57Z]}
{"logTime": "0421/031653", "correlationVector":"U6GuxhROkgih/WyBmcKJK5","action":"Initial GetUpdates", "result":"", "context":Reason: NEW_CLIENT. cV=U6GuxhROkgih/WyBmcKJK5}
{"logTime": "0421/031653", "correlationVector":"U6GuxhROkgih/WyBmcKJK5.3","action":"GetUpdates Response", "result":"Success", "context":Received 1 update(s). cV=U6GuxhROkgih/WyBmcKJK5.0;server=akswtt00700002h;cloudType=Consumer;environment=Prod_centralus_prod-s01-068-nam-centralus;migrationStage=NotStarted}
{"logTime": "0421/031653", "correlationVector":"NU3NmcY6iflH/lDSfIpaRj","action":"Initial GetUpdates", "result":"", "context":Reason: NEWLY_SUPPORTED_DATATYPE. cV=NU3NmcY6iflH/lDSfIpaRj}
{"logTime": "0421/031653", "correlationVector":"NU3NmcY6iflH/lDSfIpaRj.1","action":"SyncServerConnectionManagerRequest", "result":"SYNC_SERVER_OK", "context":{"environment":"Prod_centralus_prod-s01-068-nam-centralus", "migrationStage":"NotStarted", "server":"akswtt00700001c"}}
{"logTime": "0421/031653", "correlationVector":"NU3NmcY6iflH/lDSfIpaRj.2","action":"ProcessGetUpdates", "result":"Done", "context":{"dataType":"Passwords", "deleted":"1", "process_failed_to_decrypt":"0", "process_pending_decryption":"0", "process_success":"18", "total":"18"}}
{"logTime": "0421/031653", "correlationVector":"NU3NmcY6iflH/lDSfIpaRj.3","action":"GetUpdates Response", "result":"Success", "context":Received 18 update(s). cV=NU3NmcY6iflH/lDSfIpaRj.0;server=akswtt00700001c;cloudType=Consumer;environment=Prod_centralus_prod-s01-068-nam-centralus;migrationStage=NotStarted}
{"logTime": "0421/031653", "correlationVector":"Z3BfbAcNfLyDKsIFtbDLuc","action":"Normal GetUpdate request", "result":"", "context":cV=Z3BfbAcNfLyDKsIFtbDLuc
Nudged types: Sessions, Device Info, History
Refresh requested types: Bookmarks, Preferences, Passwords, Autofill Profiles, Autofill, Extensions, Sessions, Extension settings, History Delete Directives, Device Info, User Consents, Send Tab To Self, Web Apps, History, Saved Tab Group, Collection, Edge E Drop, Edge Hub App Usage, Edge Tab Group, Edge Wallet, Encryption Keys}
{"logTime": "0421/031653", "correlationVector":"Z3BfbAcNfLyDKsIFtbDLuc.1","action":"SyncServerConnectionManagerRequest", "result":"SYNC_SERVER_OK", "context":{"environment":"Prod_centralus_prod-s01-068-nam-centralus", "migrationStage":"NotStarted", "server":"akswtt00700002m"}}
{"logTime": "0421/031653", "correlationVector":"Z3BfbAcNfLyDKsIFtbDLuc.2","action":"ProcessGetUpdates", "result":"Done", "context":{"dataType":"Preferences", "deleted":"0", "process_failed_to_decrypt":"0", "process_pending_decryption":"0", "process_success":"3", "total":"3"}}
{"logTime": "0421/031653", "correlationVector":"Z3BfbAcNfLyDKsIFtbDLuc.3","action":"ProcessGetUpdates", "result":"Done", "context":{"dataType":"Sessions", "deleted":"1", "process_failed_to_decrypt":"0", "process_pending_decryption":"0", "process_success":"3", "total":"3"}}
{"logTime": "0421/031653", "correlationVector":"Z3BfbAcNfLyDKsIFtbDLuc.4","action":"ProcessGetUpdates", "result":"Done", "context":{"dataType":"Device Info", "deleted":"0", "process_failed_to_decrypt":"0", "process_pending_decryption":"0", "process_success":"1", "total":"1"}}
{"logTime": "0421/031653", "correlationVector":"Z3BfbAcNfLyDKsIFtbDLuc.5","action":"ProcessGetUpdates", "result":"Done", "context":{"dataType":"History", "deleted":"0", "process_failed_to_decrypt":"0", "process_pending_decryption":"0", "process_success":"5", "total":"5"}}
{"logTime": "0421/031653", "correlationVector":"Z3BfbAcNfLyDKsIFtbDLuc.6","action":"GetUpdates Response", "result":"Success", "context":Received 12 update(s). cV=Z3BfbAcNfLyDKsIFtbDLuc.0;server=akswtt00700002m;cloudType=Consumer;environment=Prod_centralus_prod-s01-068-nam-centralus;migrationStage=NotStarted}
{"logTime": "0421/031653", "correlationVector":"LB13pJ4nvnJLLETDU9aW9S","action":"Commit Request", "result":"", "context":Item count: 1
Contributing types: History}
{"logTime": "0421/031653", "correlationVector":"LB13pJ4nvnJLLETDU9aW9S.1","action":"SyncServerConnectionManagerRequest", "result":"SYNC_SERVER_OK", "context":{"environment":"Prod_centralus_prod-s01-068-nam-centralus", "migrationStage":"NotStarted", "server":"akswtt00700000f"}}
{"logTime": "0421/031653", "correlationVector":"LB13pJ4nvnJLLETDU9aW9S.2","action":"Commit Response", "result":"Success", "context":Result: Success. cV=LB13pJ4nvnJLLETDU9aW9S.0;server=akswtt00700000f;cloudType=Consumer;environment=Prod_centralus_prod-s01-068-nam-centralus;migrationStage=NotStarted}
{"logTime": "0421/031653", "correlationVector":"J4pbxY7VvOjJovPxC4u74N","action":"Poll GetUpdate request", "result":"", "context":cV=J4pbxY7VvOjJovPxC4u74N}
{"logTime": "0421/031653", "correlationVector":"J4pbxY7VvOjJovPxC4u74N.1","action":"SyncServerConnectionManagerRequest", "result":"SYNC_SERVER_OK", "context":{"environment":"Prod_centralus_prod-s01-068-nam-centralus", "migrationStage":"NotStarted", "server":"akswtt00700001c"}}
{"logTime": "0421/031653", "correlationVector":"J4pbxY7VvOjJovPxC4u74N.2","action":"ProcessGetUpdates", "result":"Done", "context":{"dataType":"History", "deleted":"0", "process_failed_to_decrypt":"0", "process_pending_decryption":"0", "process_success":"1", "total":"1"}}
{"logTime": "0421/031653", "correlationVector":"J4pbxY7VvOjJovPxC4u74N.3","action":"GetUpdates Response", "result":"Success", "context":Received 1 update(s). cV=J4pbxY7VvOjJovPxC4u74N.0;server=akswtt00700001c;cloudType=Consumer;environment=Prod_centralus_prod-s01-068-nam-centralus;migrationStage=NotStarted}
{"logTime": "0421/031655", "correlationVector":"MKP037tKRWp+DkXiWE/CPb","action":"Commit Request", "result":"", "context":Item count: 4
Contributing types: Preferences, Sessions, History}
{"logTime": "0421/031656", "correlationVector":"MKP037tKRWp+DkXiWE/CPb.1","action":"SyncServerConnectionManagerRequest", "result":"SYNC_SERVER_OK", "context":{"environment":"Prod_centralus_prod-s01-068-nam-centralus", "migrationStage":"NotStarted", "server":"akswtt007000007"}}
{"logTime": "0421/031656", "correlationVector":"MKP037tKRWp+DkXiWE/CPb.2","action":"Commit Response", "result":"Success", "context":Result: Success. cV=MKP037tKRWp+DkXiWE/CPb.0;server=akswtt007000007;cloudType=Consumer;environment=Prod_centralus_prod-s01-068-nam-centralus;migrationStage=NotStarted}
{"logTime": "0421/031759", "correlationVector":"rTxiAipNSYI7eg0j06H1f2","action":"Commit Request", "result":"", "context":Item count: 1
Contributing types: Device Info}
{"logTime": "0421/031759", "correlationVector":"rTxiAipNSYI7eg0j06H1f2.1","action":"SyncServerConnectionManagerRequest", "result":"SYNC_SERVER_OK", "context":{"environment":"Prod_centralus_prod-s01-068-nam-centralus", "migrationStage":"NotStarted", "server":"akswtt00700001d"}}
{"logTime": "0421/031759", "correlationVector":"rTxiAipNSYI7eg0j06H1f2.2","action":"Commit Response", "result":"Success", "context":Result: Success. cV=rTxiAipNSYI7eg0j06H1f2.0;server=akswtt00700001d;cloudType=Consumer;environment=Prod_centralus_prod-s01-068-nam-centralus;migrationStage=NotStarted}
{"logTime": "0421/032255", "correlationVector":"Zwh9ucY4P1Ow6skVfmZ3Y0","action":"Commit Request", "result":"", "context":Item count: 1
Contributing types: Preferences}
{"logTime": "0421/032255", "correlationVector":"Zwh9ucY4P1Ow6skVfmZ3Y0.1","action":"SyncServerConnectionManagerRequest", "result":"SYNC_SERVER_OK", "context":{"environment":"Prod_centralus_prod-s01-068-nam-centralus", "migrationStage":"NotStarted", "server":"akswtt007000025"}}
{"logTime": "0421/032255", "correlationVector":"Zwh9ucY4P1Ow6skVfmZ3Y0.2","action":"Commit Response", "result":"Success", "context":Result: Success. cV=Zwh9ucY4P1Ow6skVfmZ3Y0.0;server=akswtt007000025;cloudType=Consumer;environment=Prod_centralus_prod-s01-068-nam-centralus;migrationStage=NotStarted}
{"logTime": "0421/033252", "correlationVector":"tLHjcskt7bXkiXiVnuY3AR","action":"Commit Request", "result":"", "context":Item count: 3
Contributing types: Sessions, History}
{"logTime": "0421/033253", "correlationVector":"tLHjcskt7bXkiXiVnuY3AR.1","action":"SyncServerConnectionManagerRequest", "result":"SYNC_SERVER_OK", "context":{"environment":"Prod_centralus_prod-s01-068-nam-centralus", "migrationStage":"NotStarted", "server":"akswtt00700000j"}}
{"logTime": "0421/033253", "correlationVector":"tLHjcskt7bXkiXiVnuY3AR.2","action":"Commit Response", "result":"Success", "context":Result: Success. cV=tLHjcskt7bXkiXiVnuY3AR.0;server=akswtt00700000j;cloudType=Consumer;environment=Prod_centralus_prod-s01-068-nam-centralus;migrationStage=NotStarted}
{"logTime": "0421/033521", "correlationVector":"1dwmnP49H8bDqM+KtfmGy6","action":"Commit Request", "result":"", "context":Item count: 1
Contributing types: Sessions}
{"logTime": "0421/033521", "correlationVector":"1dwmnP49H8bDqM+KtfmGy6.1","action":"SyncServerConnectionManagerRequest", "result":"SYNC_SERVER_OK", "context":{"environment":"Prod_centralus_prod-s01-068-nam-centralus", "migrationStage":"NotStarted", "server":"akswtt00700001q"}}
{"logTime": "0421/033521", "correlationVector":"1dwmnP49H8bDqM+KtfmGy6.2","action":"Commit Response", "result":"Success", "context":Result: Success. cV=1dwmnP49H8bDqM+KtfmGy6.0;server=akswtt00700001q;cloudType=Consumer;environment=Prod_centralus_prod-s01-068-nam-centralus;migrationStage=NotStarted}
{"logTime": "0421/035559", "correlationVector":"ciz8W/eoBmTjt+2kE4jPvS","action":"Commit Request", "result":"", "context":Item count: 1
Contributing types: Sessions}
{"logTime": "0421/035600", "correlationVector":"ciz8W/eoBmTjt+2kE4jPvS.1","action":"SyncServerConnectionManagerRequest", "result":"SYNC_SERVER_OK", "context":{"environment":"Prod_centralus_prod-s01-068-nam-centralus", "migrationStage":"NotStarted", "server":"akswtt00700002q"}}
{"logTime": "0421/035600", "correlationVector":"ciz8W/eoBmTjt+2kE4jPvS.2","action":"Commit Response", "result":"Success", "context":Result: Success. cV=ciz8W/eoBmTjt+2kE4jPvS.0;server=akswtt00700002q;cloudType=Consumer;environment=Prod_centralus_prod-s01-068-nam-centralus;migrationStage=NotStarted}
{"logTime": "0421/041742", "correlationVector":"IK+5sOz9bbrPMjWHWI5EDd","action":"Commit Request", "result":"", "context":Item count: 1
Contributing types: Sessions}
{"logTime": "0421/041742", "correlationVector":"IK+5sOz9bbrPMjWHWI5EDd.1","action":"SyncServerConnectionManagerRequest", "result":"SYNC_SERVER_OK", "context":{"environment":"Prod_centralus_prod-s01-068-nam-centralus", "migrationStage":"NotStarted", "server":"akswtt00700000u"}}
{"logTime": "0421/041742", "correlationVector":"IK+5sOz9bbrPMjWHWI5EDd.2","action":"Commit Response", "result":"Success", "context":Result: Success. cV=IK+5sOz9bbrPMjWHWI5EDd.0;server=akswtt00700000u;cloudType=Consumer;environment=Prod_centralus_prod-s01-068-nam-centralus;migrationStage=NotStarted}
{"logTime": "0421/043046", "correlationVector":"B8lNkua7CuchHNBNPMYoS9","action":"Commit Request", "result":"", "context":Item count: 1
Contributing types: Sessions}
{"logTime": "0421/043046", "correlationVector":"B8lNkua7CuchHNBNPMYoS9.1","action":"SyncServerConnectionManagerRequest", "result":"SYNC_SERVER_OK", "context":{"environment":"Prod_centralus_prod-s01-068-nam-centralus", "migrationStage":"NotStarted", "server":"akswtt007000029"}}
{"logTime": "0421/043046", "correlationVector":"B8lNkua7CuchHNBNPMYoS9.2","action":"Commit Response", "result":"Success", "context":Result: Success. cV=B8lNkua7CuchHNBNPMYoS9.0;server=akswtt007000029;cloudType=Consumer;environment=Prod_centralus_prod-s01-068-nam-centralus;migrationStage=NotStarted}
{"logTime": "0421/044549", "correlationVector":"J4uBR+tJ7lX8xTFEYHU75u","action":"Commit Request", "result":"", "context":Item count: 1
Contributing types: Sessions}
{"logTime": "0421/044550", "correlationVector":"J4uBR+tJ7lX8xTFEYHU75u.1","action":"SyncServerConnectionManagerRequest", "result":"SYNC_SERVER_OK", "context":{"environment":"Prod_centralus_prod-s01-068-nam-centralus", "migrationStage":"NotStarted", "server":"akswtt007000018"}}
{"logTime": "0421/044550", "correlationVector":"J4uBR+tJ7lX8xTFEYHU75u.2","action":"Commit Response", "result":"Success", "context":Result: Success. cV=J4uBR+tJ7lX8xTFEYHU75u.0;server=akswtt007000018;cloudType=Consumer;environment=Prod_centralus_prod-s01-068-nam-centralus;migrationStage=NotStarted}
{"logTime": "0421/045746", "correlationVector":"JPXd6x05LnVqB5+d10HePA","action":"Commit Request", "result":"", "context":Item count: 1
Contributing types: Sessions}
{"logTime": "0421/045746", "correlationVector":"JPXd6x05LnVqB5+d10HePA.1","action":"SyncServerConnectionManagerRequest", "result":"SYNC_SERVER_OK", "context":{"environment":"Prod_centralus_prod-s01-068-nam-centralus", "migrationStage":"NotStarted", "server":"akswtt00700003h"}}
{"logTime": "0421/045746", "correlationVector":"JPXd6x05LnVqB5+d10HePA.2","action":"Commit Response", "result":"Success", "context":Result: Success. cV=JPXd6x05LnVqB5+d10HePA.0;server=akswtt00700003h;cloudType=Consumer;environment=Prod_centralus_prod-s01-068-nam-centralus;migrationStage=NotStarted}
{"logTime": "0421/050750", "correlationVector":"WvrrXHJj+0lZeMpMgGkGWG","action":"Commit Request", "result":"", "context":Item count: 1
Contributing types: Sessions}
{"logTime": "0421/050751", "correlationVector":"WvrrXHJj+0lZeMpMgGkGWG.1","action":"SyncServerConnectionManagerRequest", "result":"SYNC_SERVER_OK", "context":{"environment":"Prod_centralus_prod-s01-068-nam-centralus", "migrationStage":"NotStarted", "server":"akswtt00700000p"}}
{"logTime": "0421/050751", "correlationVector":"WvrrXHJj+0lZeMpMgGkGWG.2","action":"Commit Response", "result":"Success", "context":Result: Success. cV=WvrrXHJj+0lZeMpMgGkGWG.0;server=akswtt00700000p;cloudType=Consumer;environment=Prod_centralus_prod-s01-068-nam-centralus;migrationStage=NotStarted}
{"logTime": "0421/052608", "correlationVector":"cuzh0MrmDsDIbSSnyAhGS/.1","action":"SyncServerConnectionManagerRequest", "result":"SYNC_SERVER_OK", "context":{"environment":"Prod_centralus_prod-s01-068-nam-centralus", "migrationStage":"NotStarted", "server":"akswtt00700001t"}}
{"logTime": "0421/052608", "correlationVector":"cuzh0MrmDsDIbSSnyAhGS/.2","action":"ProcessGetUpdates", "result":"Done", "context":{"dataType":"Encryption Keys", "deleted":"0", "process_failed_to_decrypt":"0", "process_pending_decryption":"0", "process_success":"1", "total":"1"}}
{"logTime": "0421/052608", "correlationVector":"DxOdqrtce2LSpNLt+N2vI8","action":"SyncServerConnectionManagerRequest", "result":"SYNC_SERVER_OK", "context":{"environment":"", "migrationStage":"", "server":""}}
{"logTime": "0421/052608", "correlationVector":"DxOdqrtce2LSpNLt+N2vI8.0","action":"EncryptionKeysFetcher.DownloadKeys:", "result":"Success", "context":Key count: 9, Last key timestamp: 2025-04-18T02:33:57Z}
{"logTime": "0421/052608", "correlationVector":"DxOdqrtce2LSpNLt+N2vI8.1","action":"EncryptionKeysManager::SetEncryptionKeys:", "result":"Success", "context":Key names[9]:[rs35apxTBSeM/yUK1IXQis8795InEAMuhRuv2zwJxkQ6wL72668T5YCqRpaXOFvZGDlTsRYfpFGQuKtDs/0VXw==][Yc6chQBqt9RBDg8A4c52qFXcVz8gR42xDQ9aWZ2TvrL10dYxw3JOTArvlWt8LcJtN5ZkZqRSBR81i462qY05cw==][hbir+rvH3zSmZrmUIY/+0ha+LK9WZbSzmFpu76RL9+wCINGSiDjmUMjg+EwbmLmnB6zO8k4Q95gQvMbl/wnuIg==][NgdgYWGaDIQJ+7Gw5Fp+UqgIGiv6vkmUXzShRlJWlHXHn42q04A3luwsw+mg/xzI76FVpS91g9R47Q4PAsR5fA==][22oYStcqVPVVoYJ2AyaB+UOY1l+LSUZJRs3LdmXhYzsDi3stsMNvKiafyoSXOZEHVTqNQMss0NTZ3HjDBE5lHA==][86IteGmeOUnvH+W+2qL+7eWeSkI1leM1Zz+Y015/0H1JF0wvk/M52kCqq+gjC+mNambLBTiklg1X5if2D14IiQ==][WH08ngq9WoX6evutmHPNulMe3Wt9vM9r9SpaxLXF3OY1tcQpqHGbkr2YPgTz3BXzpeoVK16AOPGQ+Y/DIBEaAg==][lmaDL7uNHRhpIYsdkl895l7SKBChPkeyyI0xc/gm36JHmh5/8JET/U47t+E/OcP3jK+jk1zv7bT48oSkeJepqA==][YXibsDOmFbFsy4s7j/r2CPV/TBlxYmKi5oeZHq9pVYerC7LWtKuk316+nCk/z9wPNjYKOxmEktFPgW3Wz4m+kg==]}
{"logTime": "0421/052608", "correlationVector":"DxOdqrtce2LSpNLt+N2vI8.2","action":"EncryptionKeysManager::SetEncryptionKeysWithTimestamps:", "result":"Success", "context":Key timestamps[9]:[2020-10-12T23:52:57Z][2021-04-14T23:57:34Z][2021-10-12T01:29:09Z][2022-04-12T02:49:38Z][2022-10-13T22:59:40Z][2023-05-02T05:14:48Z][2024-01-27T20:44:58Z][2024-07-31T04:50:29Z][2025-04-18T02:33:57Z]}
{"logTime": "0421/052608", "correlationVector":"cuzh0MrmDsDIbSSnyAhGS/","action":"Initial GetUpdates", "result":"", "context":Reason: NEW_CLIENT. cV=cuzh0MrmDsDIbSSnyAhGS/}
{"logTime": "0421/052608", "correlationVector":"cuzh0MrmDsDIbSSnyAhGS/.3","action":"GetUpdates Response", "result":"Success", "context":Received 1 update(s). cV=cuzh0MrmDsDIbSSnyAhGS/.0;server=akswtt00700001t;cloudType=Consumer;environment=Prod_centralus_prod-s01-068-nam-centralus;migrationStage=NotStarted}
{"logTime": "0421/052608", "correlationVector":"eIqXhckgeiPWty50MPL9/+","action":"Initial GetUpdates", "result":"", "context":Reason: NEWLY_SUPPORTED_DATATYPE. cV=eIqXhckgeiPWty50MPL9/+}
{"logTime": "0421/052608", "correlationVector":"eIqXhckgeiPWty50MPL9/+.1","action":"SyncServerConnectionManagerRequest", "result":"SYNC_SERVER_OK", "context":{"environment":"Prod_centralus_prod-s01-068-nam-centralus", "migrationStage":"NotStarted", "server":"akswtt00700002f"}}
{"logTime": "0421/052608", "correlationVector":"eIqXhckgeiPWty50MPL9/+.2","action":"ProcessGetUpdates", "result":"Done", "context":{"dataType":"Passwords", "deleted":"1", "process_failed_to_decrypt":"0", "process_pending_decryption":"0", "process_success":"18", "total":"18"}}
{"logTime": "0421/052608", "correlationVector":"eIqXhckgeiPWty50MPL9/+.3","action":"GetUpdates Response", "result":"Success", "context":Received 18 update(s). cV=eIqXhckgeiPWty50MPL9/+.0;server=akswtt00700002f;cloudType=Consumer;environment=Prod_centralus_prod-s01-068-nam-centralus;migrationStage=NotStarted}
{"logTime": "0421/052608", "correlationVector":"xQreST6Uk5obEH5ClEhZuL","action":"Normal GetUpdate request", "result":"", "context":cV=xQreST6Uk5obEH5ClEhZuL
Nudged types: Sessions, Device Info, History
Refresh requested types: Bookmarks, Preferences, Passwords, Autofill Profiles, Autofill, Extensions, Sessions, Extension settings, History Delete Directives, Device Info, User Consents, Send Tab To Self, Web Apps, History, Saved Tab Group, Collection, Edge E Drop, Edge Hub App Usage, Edge Tab Group, Edge Wallet, Encryption Keys}
{"logTime": "0421/052608", "correlationVector":"xQreST6Uk5obEH5ClEhZuL.1","action":"SyncServerConnectionManagerRequest", "result":"SYNC_SERVER_OK", "context":{"environment":"Prod_centralus_prod-s01-068-nam-centralus", "migrationStage":"NotStarted", "server":"akswtt00700000u"}}
{"logTime": "0421/052608", "correlationVector":"xQreST6Uk5obEH5ClEhZuL.2","action":"ProcessGetUpdates", "result":"Done", "context":{"dataType":"Preferences", "deleted":"0", "process_failed_to_decrypt":"0", "process_pending_decryption":"0", "process_success":"2", "total":"2"}}
{"logTime": "0421/052608", "correlationVector":"xQreST6Uk5obEH5ClEhZuL.3","action":"ProcessGetUpdates", "result":"Done", "context":{"dataType":"Sessions", "deleted":"0", "process_failed_to_decrypt":"0", "process_pending_decryption":"0", "process_success":"2", "total":"2"}}
{"logTime": "0421/052608", "correlationVector":"xQreST6Uk5obEH5ClEhZuL.4","action":"ProcessGetUpdates", "result":"Done", "context":{"dataType":"Device Info", "deleted":"0", "process_failed_to_decrypt":"0", "process_pending_decryption":"0", "process_success":"1", "total":"1"}}
{"logTime": "0421/052608", "correlationVector":"xQreST6Uk5obEH5ClEhZuL.5","action":"ProcessGetUpdates", "result":"Done", "context":{"dataType":"History", "deleted":"0", "process_failed_to_decrypt":"0", "process_pending_decryption":"0", "process_success":"3", "total":"3"}}
{"logTime": "0421/052608", "correlationVector":"xQreST6Uk5obEH5ClEhZuL.6","action":"GetUpdates Response", "result":"Success", "context":Received 8 update(s). cV=xQreST6Uk5obEH5ClEhZuL.0;server=akswtt00700000u;cloudType=Consumer;environment=Prod_centralus_prod-s01-068-nam-centralus;migrationStage=NotStarted}
{"logTime": "0421/052608", "correlationVector":"m1ENYJ11kITwlJmUuNJZCD","action":"Commit Request", "result":"", "context":Item count: 4
Contributing types: Sessions, History}
{"logTime": "0421/052609", "correlationVector":"m1ENYJ11kITwlJmUuNJZCD.1","action":"SyncServerConnectionManagerRequest", "result":"SYNC_SERVER_OK", "context":{"environment":"Prod_centralus_prod-s01-068-nam-centralus", "migrationStage":"NotStarted", "server":"akswtt00700001k"}}
{"logTime": "0421/052609", "correlationVector":"m1ENYJ11kITwlJmUuNJZCD.2","action":"Commit Response", "result":"Success", "context":Result: Success. cV=m1ENYJ11kITwlJmUuNJZCD.0;server=akswtt00700001k;cloudType=Consumer;environment=Prod_centralus_prod-s01-068-nam-centralus;migrationStage=NotStarted}
{"logTime": "0421/052609", "correlationVector":"m1ENYJ11kITwlJmUuNJZCD.3","action":"Commit.Sessions", "result":"Success", "context":{"id":"84ebb741-a363-4248-ab03-2931fd94e591", "isDeleted":"true", "size":"0", "version":"1745212069437"}}
{"logTime": "0421/052611", "correlationVector":"bv6UGmWNbs3P+80QdnfUFx","action":"Commit Request", "result":"", "context":Item count: 1
Contributing types: Preferences}
{"logTime": "0421/052611", "correlationVector":"bv6UGmWNbs3P+80QdnfUFx.1","action":"SyncServerConnectionManagerRequest", "result":"SYNC_SERVER_OK", "context":{"environment":"Prod_centralus_prod-s01-068-nam-centralus", "migrationStage":"NotStarted", "server":"akswtt00700002p"}}
{"logTime": "0421/052611", "correlationVector":"bv6UGmWNbs3P+80QdnfUFx.2","action":"Commit Response", "result":"Success", "context":Result: Success. cV=bv6UGmWNbs3P+80QdnfUFx.0;server=akswtt00700002p;cloudType=Consumer;environment=Prod_centralus_prod-s01-068-nam-centralus;migrationStage=NotStarted}
{"logTime": "0421/052712", "correlationVector":"BzZ/QsHN4roc4rCEYO9Vj0","action":"Commit Request", "result":"", "context":Item count: 3
Contributing types: Sessions, History}
{"logTime": "0421/052712", "correlationVector":"BzZ/QsHN4roc4rCEYO9Vj0.1","action":"SyncServerConnectionManagerRequest", "result":"SYNC_SERVER_OK", "context":{"environment":"Prod_centralus_prod-s01-068-nam-centralus", "migrationStage":"NotStarted", "server":"akswtt00700000k"}}
{"logTime": "0421/052712", "correlationVector":"BzZ/QsHN4roc4rCEYO9Vj0.2","action":"Commit Response", "result":"Success", "context":Result: Success. cV=BzZ/QsHN4roc4rCEYO9Vj0.0;server=akswtt00700000k;cloudType=Consumer;environment=Prod_centralus_prod-s01-068-nam-centralus;migrationStage=NotStarted}
{"logTime": "0421/054605", "correlationVector":"oSc2Me3F4cfEp3LKXNWKT6.1","action":"SyncServerConnectionManagerRequest", "result":"SYNC_SERVER_OK", "context":{"environment":"Prod_centralus_prod-s01-068-nam-centralus", "migrationStage":"NotStarted", "server":"akswtt007000001"}}
{"logTime": "0421/054605", "correlationVector":"oSc2Me3F4cfEp3LKXNWKT6.2","action":"ProcessGetUpdates", "result":"Done", "context":{"dataType":"Encryption Keys", "deleted":"0", "process_failed_to_decrypt":"0", "process_pending_decryption":"0", "process_success":"1", "total":"1"}}
{"logTime": "0421/054605", "correlationVector":"vl0JaMeV7zSO1XwxC57XBx","action":"SyncServerConnectionManagerRequest", "result":"SYNC_SERVER_OK", "context":{"environment":"", "migrationStage":"", "server":""}}
{"logTime": "0421/054605", "correlationVector":"vl0JaMeV7zSO1XwxC57XBx.0","action":"EncryptionKeysFetcher.DownloadKeys:", "result":"Success", "context":Key count: 9, Last key timestamp: 2025-04-18T02:33:57Z}
{"logTime": "0421/054605", "correlationVector":"vl0JaMeV7zSO1XwxC57XBx.1","action":"EncryptionKeysManager::SetEncryptionKeys:", "result":"Success", "context":Key names[9]:[rs35apxTBSeM/yUK1IXQis8795InEAMuhRuv2zwJxkQ6wL72668T5YCqRpaXOFvZGDlTsRYfpFGQuKtDs/0VXw==][Yc6chQBqt9RBDg8A4c52qFXcVz8gR42xDQ9aWZ2TvrL10dYxw3JOTArvlWt8LcJtN5ZkZqRSBR81i462qY05cw==][hbir+rvH3zSmZrmUIY/+0ha+LK9WZbSzmFpu76RL9+wCINGSiDjmUMjg+EwbmLmnB6zO8k4Q95gQvMbl/wnuIg==][NgdgYWGaDIQJ+7Gw5Fp+UqgIGiv6vkmUXzShRlJWlHXHn42q04A3luwsw+mg/xzI76FVpS91g9R47Q4PAsR5fA==][22oYStcqVPVVoYJ2AyaB+UOY1l+LSUZJRs3LdmXhYzsDi3stsMNvKiafyoSXOZEHVTqNQMss0NTZ3HjDBE5lHA==][86IteGmeOUnvH+W+2qL+7eWeSkI1leM1Zz+Y015/0H1JF0wvk/M52kCqq+gjC+mNambLBTiklg1X5if2D14IiQ==][WH08ngq9WoX6evutmHPNulMe3Wt9vM9r9SpaxLXF3OY1tcQpqHGbkr2YPgTz3BXzpeoVK16AOPGQ+Y/DIBEaAg==][lmaDL7uNHRhpIYsdkl895l7SKBChPkeyyI0xc/gm36JHmh5/8JET/U47t+E/OcP3jK+jk1zv7bT48oSkeJepqA==][YXibsDOmFbFsy4s7j/r2CPV/TBlxYmKi5oeZHq9pVYerC7LWtKuk316+nCk/z9wPNjYKOxmEktFPgW3Wz4m+kg==]}
{"logTime": "0421/054605", "correlationVector":"vl0JaMeV7zSO1XwxC57XBx.2","action":"EncryptionKeysManager::SetEncryptionKeysWithTimestamps:", "result":"Success", "context":Key timestamps[9]:[2020-10-12T23:52:57Z][2021-04-14T23:57:34Z][2021-10-12T01:29:09Z][2022-04-12T02:49:38Z][2022-10-13T22:59:40Z][2023-05-02T05:14:48Z][2024-01-27T20:44:58Z][2024-07-31T04:50:29Z][2025-04-18T02:33:57Z]}
{"logTime": "0421/054605", "correlationVector":"oSc2Me3F4cfEp3LKXNWKT6","action":"Initial GetUpdates", "result":"", "context":Reason: NEW_CLIENT. cV=oSc2Me3F4cfEp3LKXNWKT6}
{"logTime": "0421/054605", "correlationVector":"oSc2Me3F4cfEp3LKXNWKT6.3","action":"GetUpdates Response", "result":"Success", "context":Received 1 update(s). cV=oSc2Me3F4cfEp3LKXNWKT6.0;server=akswtt007000001;cloudType=Consumer;environment=Prod_centralus_prod-s01-068-nam-centralus;migrationStage=NotStarted}
{"logTime": "0421/054605", "correlationVector":"zdn410M5iZc6svablhOJxP","action":"Initial GetUpdates", "result":"", "context":Reason: NEWLY_SUPPORTED_DATATYPE. cV=zdn410M5iZc6svablhOJxP}
{"logTime": "0421/054605", "correlationVector":"zdn410M5iZc6svablhOJxP.1","action":"SyncServerConnectionManagerRequest", "result":"SYNC_SERVER_OK", "context":{"environment":"Prod_centralus_prod-s01-068-nam-centralus", "migrationStage":"NotStarted", "server":"akswtt007000033"}}
{"logTime": "0421/054605", "correlationVector":"zdn410M5iZc6svablhOJxP.2","action":"ProcessGetUpdates", "result":"Done", "context":{"dataType":"Passwords", "deleted":"1", "process_failed_to_decrypt":"0", "process_pending_decryption":"0", "process_success":"18", "total":"18"}}
{"logTime": "0421/054605", "correlationVector":"zdn410M5iZc6svablhOJxP.3","action":"GetUpdates Response", "result":"Success", "context":Received 18 update(s). cV=zdn410M5iZc6svablhOJxP.0;server=akswtt007000033;cloudType=Consumer;environment=Prod_centralus_prod-s01-068-nam-centralus;migrationStage=NotStarted}
{"logTime": "0421/054605", "correlationVector":"BsqaakgWDAYSz/OYD1i/fC","action":"Normal GetUpdate request", "result":"", "context":cV=BsqaakgWDAYSz/OYD1i/fC
Nudged types: Sessions, Device Info, History
Refresh requested types: Bookmarks, Preferences, Passwords, Autofill Profiles, Autofill, Extensions, Sessions, Extension settings, History Delete Directives, Device Info, User Consents, Send Tab To Self, Web Apps, History, Saved Tab Group, Collection, Edge E Drop, Edge Hub App Usage, Edge Tab Group, Edge Wallet, Encryption Keys}
{"logTime": "0421/054605", "correlationVector":"BsqaakgWDAYSz/OYD1i/fC.1","action":"SyncServerConnectionManagerRequest", "result":"SYNC_SERVER_OK", "context":{"environment":"Prod_centralus_prod-s01-068-nam-centralus", "migrationStage":"NotStarted", "server":"akswtt007000036"}}
{"logTime": "0421/054605", "correlationVector":"BsqaakgWDAYSz/OYD1i/fC.2","action":"ProcessGetUpdates", "result":"Done", "context":{"dataType":"Preferences", "deleted":"0", "process_failed_to_decrypt":"0", "process_pending_decryption":"0", "process_success":"1", "total":"1"}}
{"logTime": "0421/054605", "correlationVector":"BsqaakgWDAYSz/OYD1i/fC.3","action":"ProcessGetUpdates", "result":"Done", "context":{"dataType":"Sessions", "deleted":"1", "process_failed_to_decrypt":"0", "process_pending_decryption":"0", "process_success":"3", "total":"3"}}
{"logTime": "0421/054605", "correlationVector":"BsqaakgWDAYSz/OYD1i/fC.4","action":"ProcessGetUpdates", "result":"Done", "context":{"dataType":"History", "deleted":"0", "process_failed_to_decrypt":"0", "process_pending_decryption":"0", "process_success":"3", "total":"3"}}
{"logTime": "0421/054605", "correlationVector":"BsqaakgWDAYSz/OYD1i/fC.5","action":"GetUpdates Response", "result":"Success", "context":Received 7 update(s). cV=BsqaakgWDAYSz/OYD1i/fC.0;server=akswtt007000036;cloudType=Consumer;environment=Prod_centralus_prod-s01-068-nam-centralus;migrationStage=NotStarted}
{"logTime": "0421/054605", "correlationVector":"eIGLUFeWf2xSSrX5tSRBPN","action":"Commit Request", "result":"", "context":Item count: 4
Contributing types: Sessions, Device Info, History}
{"logTime": "0421/054606", "correlationVector":"eIGLUFeWf2xSSrX5tSRBPN.1","action":"SyncServerConnectionManagerRequest", "result":"SYNC_SERVER_OK", "context":{"environment":"Prod_centralus_prod-s01-068-nam-centralus", "migrationStage":"NotStarted", "server":"akswtt00700002f"}}
{"logTime": "0421/054606", "correlationVector":"eIGLUFeWf2xSSrX5tSRBPN.2","action":"Commit Response", "result":"Success", "context":Result: Success. cV=eIGLUFeWf2xSSrX5tSRBPN.0;server=akswtt00700002f;cloudType=Consumer;environment=Prod_centralus_prod-s01-068-nam-centralus;migrationStage=NotStarted}
{"logTime": "0421/054606", "correlationVector":"7hJV7pj3/y8syDLBwHIDLB","action":"Commit Request", "result":"", "context":Item count: 1
Contributing types: Preferences}
{"logTime": "0421/054606", "correlationVector":"7hJV7pj3/y8syDLBwHIDLB.1","action":"SyncServerConnectionManagerRequest", "result":"SYNC_SERVER_OK", "context":{"environment":"Prod_centralus_prod-s01-068-nam-centralus", "migrationStage":"NotStarted", "server":"akswtt00700000u"}}
{"logTime": "0421/054606", "correlationVector":"7hJV7pj3/y8syDLBwHIDLB.2","action":"Commit Response", "result":"Success", "context":Result: Success. cV=7hJV7pj3/y8syDLBwHIDLB.0;server=akswtt00700000u;cloudType=Consumer;environment=Prod_centralus_prod-s01-068-nam-centralus;migrationStage=NotStarted}
{"logTime": "0421/054707", "correlationVector":"DT1Ra734CIwC//TpP+2Vn1","action":"Commit Request", "result":"", "context":Item count: 3
Contributing types: Sessions, History}
{"logTime": "0421/054708", "correlationVector":"DT1Ra734CIwC//TpP+2Vn1.1","action":"SyncServerConnectionManagerRequest", "result":"SYNC_SERVER_OK", "context":{"environment":"Prod_centralus_prod-s01-068-nam-centralus", "migrationStage":"NotStarted", "server":"akswtt007000013"}}
{"logTime": "0421/054708", "correlationVector":"DT1Ra734CIwC//TpP+2Vn1.2","action":"Commit Response", "result":"Success", "context":Result: Success. cV=DT1Ra734CIwC//TpP+2Vn1.0;server=akswtt007000013;cloudType=Consumer;environment=Prod_centralus_prod-s01-068-nam-centralus;migrationStage=NotStarted}
{"logTime": "0421/055142", "correlationVector":"4QR66aRv+FwVPcOxdC41IR.1","action":"SyncServerConnectionManagerRequest", "result":"SYNC_SERVER_OK", "context":{"environment":"Prod_centralus_prod-s01-068-nam-centralus", "migrationStage":"NotStarted", "server":"akswtt007000008"}}
{"logTime": "0421/055142", "correlationVector":"4QR66aRv+FwVPcOxdC41IR.2","action":"ProcessGetUpdates", "result":"Done", "context":{"dataType":"Encryption Keys", "deleted":"0", "process_failed_to_decrypt":"0", "process_pending_decryption":"0", "process_success":"1", "total":"1"}}
{"logTime": "0421/055142", "correlationVector":"XwfYNfaGIW/AS606fVxHk/","action":"SyncServerConnectionManagerRequest", "result":"SYNC_SERVER_OK", "context":{"environment":"", "migrationStage":"", "server":""}}
{"logTime": "0421/055142", "correlationVector":"XwfYNfaGIW/AS606fVxHk/.0","action":"EncryptionKeysFetcher.DownloadKeys:", "result":"Success", "context":Key count: 9, Last key timestamp: 2025-04-18T02:33:57Z}
{"logTime": "0421/055142", "correlationVector":"XwfYNfaGIW/AS606fVxHk/.1","action":"EncryptionKeysManager::SetEncryptionKeys:", "result":"Success", "context":Key names[9]:[rs35apxTBSeM/yUK1IXQis8795InEAMuhRuv2zwJxkQ6wL72668T5YCqRpaXOFvZGDlTsRYfpFGQuKtDs/0VXw==][Yc6chQBqt9RBDg8A4c52qFXcVz8gR42xDQ9aWZ2TvrL10dYxw3JOTArvlWt8LcJtN5ZkZqRSBR81i462qY05cw==][hbir+rvH3zSmZrmUIY/+0ha+LK9WZbSzmFpu76RL9+wCINGSiDjmUMjg+EwbmLmnB6zO8k4Q95gQvMbl/wnuIg==][NgdgYWGaDIQJ+7Gw5Fp+UqgIGiv6vkmUXzShRlJWlHXHn42q04A3luwsw+mg/xzI76FVpS91g9R47Q4PAsR5fA==][22oYStcqVPVVoYJ2AyaB+UOY1l+LSUZJRs3LdmXhYzsDi3stsMNvKiafyoSXOZEHVTqNQMss0NTZ3HjDBE5lHA==][86IteGmeOUnvH+W+2qL+7eWeSkI1leM1Zz+Y015/0H1JF0wvk/M52kCqq+gjC+mNambLBTiklg1X5if2D14IiQ==][WH08ngq9WoX6evutmHPNulMe3Wt9vM9r9SpaxLXF3OY1tcQpqHGbkr2YPgTz3BXzpeoVK16AOPGQ+Y/DIBEaAg==][lmaDL7uNHRhpIYsdkl895l7SKBChPkeyyI0xc/gm36JHmh5/8JET/U47t+E/OcP3jK+jk1zv7bT48oSkeJepqA==][YXibsDOmFbFsy4s7j/r2CPV/TBlxYmKi5oeZHq9pVYerC7LWtKuk316+nCk/z9wPNjYKOxmEktFPgW3Wz4m+kg==]}
{"logTime": "0421/055142", "correlationVector":"XwfYNfaGIW/AS606fVxHk/.2","action":"EncryptionKeysManager::SetEncryptionKeysWithTimestamps:", "result":"Success", "context":Key timestamps[9]:[2020-10-12T23:52:57Z][2021-04-14T23:57:34Z][2021-10-12T01:29:09Z][2022-04-12T02:49:38Z][2022-10-13T22:59:40Z][2023-05-02T05:14:48Z][2024-01-27T20:44:58Z][2024-07-31T04:50:29Z][2025-04-18T02:33:57Z]}
{"logTime": "0421/055142", "correlationVector":"4QR66aRv+FwVPcOxdC41IR","action":"Initial GetUpdates", "result":"", "context":Reason: NEW_CLIENT. cV=4QR66aRv+FwVPcOxdC41IR}
{"logTime": "0421/055142", "correlationVector":"4QR66aRv+FwVPcOxdC41IR.3","action":"GetUpdates Response", "result":"Success", "context":Received 1 update(s). cV=4QR66aRv+FwVPcOxdC41IR.0;server=akswtt007000008;cloudType=Consumer;environment=Prod_centralus_prod-s01-068-nam-centralus;migrationStage=NotStarted}
{"logTime": "0421/055142", "correlationVector":"Xajs1Uvs89o+PyzpDMTU9o","action":"Initial GetUpdates", "result":"", "context":Reason: NEWLY_SUPPORTED_DATATYPE. cV=Xajs1Uvs89o+PyzpDMTU9o}
{"logTime": "0421/055142", "correlationVector":"Xajs1Uvs89o+PyzpDMTU9o.1","action":"SyncServerConnectionManagerRequest", "result":"SYNC_SERVER_OK", "context":{"environment":"Prod_centralus_prod-s01-068-nam-centralus", "migrationStage":"NotStarted", "server":"akswtt00700002p"}}
{"logTime": "0421/055142", "correlationVector":"Xajs1Uvs89o+PyzpDMTU9o.2","action":"ProcessGetUpdates", "result":"Done", "context":{"dataType":"Passwords", "deleted":"1", "process_failed_to_decrypt":"0", "process_pending_decryption":"0", "process_success":"18", "total":"18"}}
{"logTime": "0421/055142", "correlationVector":"Xajs1Uvs89o+PyzpDMTU9o.3","action":"GetUpdates Response", "result":"Success", "context":Received 18 update(s). cV=Xajs1Uvs89o+PyzpDMTU9o.0;server=akswtt00700002p;cloudType=Consumer;environment=Prod_centralus_prod-s01-068-nam-centralus;migrationStage=NotStarted}
{"logTime": "0421/055142", "correlationVector":"7Sb7/pxVoMeiUmrSHHIgjk","action":"Normal GetUpdate request", "result":"", "context":cV=7Sb7/pxVoMeiUmrSHHIgjk
Nudged types: Sessions, Device Info, History
Refresh requested types: Bookmarks, Preferences, Passwords, Autofill Profiles, Autofill, Extensions, Sessions, Extension settings, History Delete Directives, Device Info, User Consents, Send Tab To Self, Web Apps, History, Saved Tab Group, Collection, Edge E Drop, Edge Hub App Usage, Edge Tab Group, Edge Wallet, Encryption Keys}
{"logTime": "0421/055143", "correlationVector":"7Sb7/pxVoMeiUmrSHHIgjk.1","action":"SyncServerConnectionManagerRequest", "result":"SYNC_SERVER_OK", "context":{"environment":"Prod_centralus_prod-s01-068-nam-centralus", "migrationStage":"NotStarted", "server":"akswtt007000017"}}
{"logTime": "0421/055143", "correlationVector":"7Sb7/pxVoMeiUmrSHHIgjk.2","action":"ProcessGetUpdates", "result":"Done", "context":{"dataType":"Preferences", "deleted":"0", "process_failed_to_decrypt":"0", "process_pending_decryption":"0", "process_success":"1", "total":"1"}}
{"logTime": "0421/055143", "correlationVector":"7Sb7/pxVoMeiUmrSHHIgjk.3","action":"ProcessGetUpdates", "result":"Done", "context":{"dataType":"Sessions", "deleted":"0", "process_failed_to_decrypt":"0", "process_pending_decryption":"0", "process_success":"2", "total":"2"}}
{"logTime": "0421/055143", "correlationVector":"7Sb7/pxVoMeiUmrSHHIgjk.4","action":"ProcessGetUpdates", "result":"Done", "context":{"dataType":"Device Info", "deleted":"0", "process_failed_to_decrypt":"0", "process_pending_decryption":"0", "process_success":"1", "total":"1"}}
{"logTime": "0421/055143", "correlationVector":"7Sb7/pxVoMeiUmrSHHIgjk.5","action":"ProcessGetUpdates", "result":"Done", "context":{"dataType":"History", "deleted":"0", "process_failed_to_decrypt":"0", "process_pending_decryption":"0", "process_success":"2", "total":"2"}}
{"logTime": "0421/055143", "correlationVector":"7Sb7/pxVoMeiUmrSHHIgjk.6","action":"GetUpdates Response", "result":"Success", "context":Received 6 update(s). cV=7Sb7/pxVoMeiUmrSHHIgjk.0;server=akswtt007000017;cloudType=Consumer;environment=Prod_centralus_prod-s01-068-nam-centralus;migrationStage=NotStarted}
{"logTime": "0421/055143", "correlationVector":"sJb/k1deZCePBl2ltKuNU4","action":"Commit Request", "result":"", "context":Item count: 7
Contributing types: Sessions, Device Info, History}
{"logTime": "0421/055143", "correlationVector":"sJb/k1deZCePBl2ltKuNU4.1","action":"SyncServerConnectionManagerRequest", "result":"SYNC_SERVER_OK", "context":{"environment":"Prod_centralus_prod-s01-068-nam-centralus", "migrationStage":"NotStarted", "server":"akswtt00700003s"}}
{"logTime": "0421/055143", "correlationVector":"sJb/k1deZCePBl2ltKuNU4.2","action":"Commit Response", "result":"Success", "context":Result: Success. cV=sJb/k1deZCePBl2ltKuNU4.0;server=akswtt00700003s;cloudType=Consumer;environment=Prod_centralus_prod-s01-068-nam-centralus;migrationStage=NotStarted}
{"logTime": "0421/055143", "correlationVector":"dyNhKwuqKBIEuft88Ncn6F","action":"Commit Request", "result":"", "context":Item count: 1
Contributing types: Preferences}
{"logTime": "0421/055144", "correlationVector":"dyNhKwuqKBIEuft88Ncn6F.1","action":"SyncServerConnectionManagerRequest", "result":"SYNC_SERVER_OK", "context":{"environment":"Prod_centralus_prod-s01-068-nam-centralus", "migrationStage":"NotStarted", "server":"akswtt00700001k"}}
{"logTime": "0421/055144", "correlationVector":"dyNhKwuqKBIEuft88Ncn6F.2","action":"Commit Response", "result":"Success", "context":Result: Success. cV=dyNhKwuqKBIEuft88Ncn6F.0;server=akswtt00700001k;cloudType=Consumer;environment=Prod_centralus_prod-s01-068-nam-centralus;migrationStage=NotStarted}
{"logTime": "0421/055245", "correlationVector":"VPkBPxnnVUmJ1LDkVPmwAQ","action":"Commit Request", "result":"", "context":Item count: 3
Contributing types: Sessions, History}
{"logTime": "0421/055245", "correlationVector":"VPkBPxnnVUmJ1LDkVPmwAQ.1","action":"SyncServerConnectionManagerRequest", "result":"SYNC_SERVER_OK", "context":{"environment":"Prod_centralus_prod-s01-068-nam-centralus", "migrationStage":"NotStarted", "server":"akswtt00700000b"}}
{"logTime": "0421/055245", "correlationVector":"VPkBPxnnVUmJ1LDkVPmwAQ.2","action":"Commit Response", "result":"Success", "context":Result: Success. cV=VPkBPxnnVUmJ1LDkVPmwAQ.0;server=akswtt00700000b;cloudType=Consumer;environment=Prod_centralus_prod-s01-068-nam-centralus;migrationStage=NotStarted}
{"logTime": "0421/055245", "correlationVector":"VPkBPxnnVUmJ1LDkVPmwAQ.3","action":"Commit.Sessions", "result":"Success", "context":{"id":"54738de2-1830-410a-8f34-401aa0dbfbd5", "isDeleted":"true", "size":"0", "version":"1745214701687"}}
{"logTime": "0421/055847", "correlationVector":"7Gg9M1r+6AK2TJwyCEYMMR","action":"Commit Request", "result":"", "context":Item count: 6
Contributing types: Sessions, History}
{"logTime": "0421/055847", "correlationVector":"7Gg9M1r+6AK2TJwyCEYMMR.1","action":"SyncServerConnectionManagerRequest", "result":"SYNC_SERVER_OK", "context":{"environment":"Prod_centralus_prod-s01-068-nam-centralus", "migrationStage":"NotStarted", "server":"akswtt00700000l"}}
{"logTime": "0421/055847", "correlationVector":"7Gg9M1r+6AK2TJwyCEYMMR.2","action":"Commit Response", "result":"Success", "context":Result: Success. cV=7Gg9M1r+6AK2TJwyCEYMMR.0;server=akswtt00700000l;cloudType=Consumer;environment=Prod_centralus_prod-s01-068-nam-centralus;migrationStage=NotStarted}
{"logTime": "0421/060144", "correlationVector":"jb2zoTyDIFlN8UYKDd0Mnu.1","action":"SyncServerConnectionManagerRequest", "result":"SYNC_SERVER_OK", "context":{"environment":"Prod_centralus_prod-s01-068-nam-centralus", "migrationStage":"NotStarted", "server":"akswtt007000008"}}
{"logTime": "0421/060144", "correlationVector":"jb2zoTyDIFlN8UYKDd0Mnu.2","action":"ProcessGetUpdates", "result":"Done", "context":{"dataType":"Encryption Keys", "deleted":"0", "process_failed_to_decrypt":"0", "process_pending_decryption":"0", "process_success":"1", "total":"1"}}
{"logTime": "0421/060144", "correlationVector":"6dHiz15DA3kRQZervwr4Ll","action":"SyncServerConnectionManagerRequest", "result":"SYNC_SERVER_OK", "context":{"environment":"", "migrationStage":"", "server":""}}
{"logTime": "0421/060144", "correlationVector":"6dHiz15DA3kRQZervwr4Ll.0","action":"EncryptionKeysFetcher.DownloadKeys:", "result":"Success", "context":Key count: 9, Last key timestamp: 2025-04-18T02:33:57Z}
{"logTime": "0421/060144", "correlationVector":"6dHiz15DA3kRQZervwr4Ll.1","action":"EncryptionKeysManager::SetEncryptionKeys:", "result":"Success", "context":Key names[9]:[rs35apxTBSeM/yUK1IXQis8795InEAMuhRuv2zwJxkQ6wL72668T5YCqRpaXOFvZGDlTsRYfpFGQuKtDs/0VXw==][Yc6chQBqt9RBDg8A4c52qFXcVz8gR42xDQ9aWZ2TvrL10dYxw3JOTArvlWt8LcJtN5ZkZqRSBR81i462qY05cw==][hbir+rvH3zSmZrmUIY/+0ha+LK9WZbSzmFpu76RL9+wCINGSiDjmUMjg+EwbmLmnB6zO8k4Q95gQvMbl/wnuIg==][NgdgYWGaDIQJ+7Gw5Fp+UqgIGiv6vkmUXzShRlJWlHXHn42q04A3luwsw+mg/xzI76FVpS91g9R47Q4PAsR5fA==][22oYStcqVPVVoYJ2AyaB+UOY1l+LSUZJRs3LdmXhYzsDi3stsMNvKiafyoSXOZEHVTqNQMss0NTZ3HjDBE5lHA==][86IteGmeOUnvH+W+2qL+7eWeSkI1leM1Zz+Y015/0H1JF0wvk/M52kCqq+gjC+mNambLBTiklg1X5if2D14IiQ==][WH08ngq9WoX6evutmHPNulMe3Wt9vM9r9SpaxLXF3OY1tcQpqHGbkr2YPgTz3BXzpeoVK16AOPGQ+Y/DIBEaAg==][lmaDL7uNHRhpIYsdkl895l7SKBChPkeyyI0xc/gm36JHmh5/8JET/U47t+E/OcP3jK+jk1zv7bT48oSkeJepqA==][YXibsDOmFbFsy4s7j/r2CPV/TBlxYmKi5oeZHq9pVYerC7LWtKuk316+nCk/z9wPNjYKOxmEktFPgW3Wz4m+kg==]}
{"logTime": "0421/060144", "correlationVector":"6dHiz15DA3kRQZervwr4Ll.2","action":"EncryptionKeysManager::SetEncryptionKeysWithTimestamps:", "result":"Success", "context":Key timestamps[9]:[2020-10-12T23:52:57Z][2021-04-14T23:57:34Z][2021-10-12T01:29:09Z][2022-04-12T02:49:38Z][2022-10-13T22:59:40Z][2023-05-02T05:14:48Z][2024-01-27T20:44:58Z][2024-07-31T04:50:29Z][2025-04-18T02:33:57Z]}
{"logTime": "0421/060144", "correlationVector":"jb2zoTyDIFlN8UYKDd0Mnu","action":"Initial GetUpdates", "result":"", "context":Reason: NEW_CLIENT. cV=jb2zoTyDIFlN8UYKDd0Mnu}
{"logTime": "0421/060144", "correlationVector":"jb2zoTyDIFlN8UYKDd0Mnu.3","action":"GetUpdates Response", "result":"Success", "context":Received 1 update(s). cV=jb2zoTyDIFlN8UYKDd0Mnu.0;server=akswtt007000008;cloudType=Consumer;environment=Prod_centralus_prod-s01-068-nam-centralus;migrationStage=NotStarted}
{"logTime": "0421/060144", "correlationVector":"Pvm6sco5AVPPmTSC0UJ6YG","action":"Initial GetUpdates", "result":"", "context":Reason: NEWLY_SUPPORTED_DATATYPE. cV=Pvm6sco5AVPPmTSC0UJ6YG}
{"logTime": "0421/060144", "correlationVector":"Pvm6sco5AVPPmTSC0UJ6YG.1","action":"SyncServerConnectionManagerRequest", "result":"SYNC_SERVER_OK", "context":{"environment":"Prod_centralus_prod-s01-068-nam-centralus", "migrationStage":"NotStarted", "server":"akswtt00700000n"}}
{"logTime": "0421/060144", "correlationVector":"Pvm6sco5AVPPmTSC0UJ6YG.2","action":"ProcessGetUpdates", "result":"Done", "context":{"dataType":"Passwords", "deleted":"1", "process_failed_to_decrypt":"0", "process_pending_decryption":"0", "process_success":"18", "total":"18"}}
{"logTime": "0421/060144", "correlationVector":"Pvm6sco5AVPPmTSC0UJ6YG.3","action":"GetUpdates Response", "result":"Success", "context":Received 18 update(s). cV=Pvm6sco5AVPPmTSC0UJ6YG.0;server=akswtt00700000n;cloudType=Consumer;environment=Prod_centralus_prod-s01-068-nam-centralus;migrationStage=NotStarted}
{"logTime": "0421/060144", "correlationVector":"58+lJnfC4jY5y/FdP18oEV","action":"Normal GetUpdate request", "result":"", "context":cV=58+lJnfC4jY5y/FdP18oEV
Nudged types: Sessions, Device Info, History
Refresh requested types: Bookmarks, Preferences, Passwords, Autofill Profiles, Autofill, Extensions, Sessions, Extension settings, History Delete Directives, Device Info, User Consents, Send Tab To Self, Web Apps, History, Saved Tab Group, Collection, Edge E Drop, Edge Hub App Usage, Edge Tab Group, Edge Wallet, Encryption Keys}
{"logTime": "0421/060144", "correlationVector":"58+lJnfC4jY5y/FdP18oEV.1","action":"SyncServerConnectionManagerRequest", "result":"SYNC_SERVER_OK", "context":{"environment":"Prod_centralus_prod-s01-068-nam-centralus", "migrationStage":"NotStarted", "server":"akswtt007000039"}}
{"logTime": "0421/060144", "correlationVector":"58+lJnfC4jY5y/FdP18oEV.2","action":"ProcessGetUpdates", "result":"Done", "context":{"dataType":"Preferences", "deleted":"0", "process_failed_to_decrypt":"0", "process_pending_decryption":"0", "process_success":"1", "total":"1"}}
{"logTime": "0421/060144", "correlationVector":"58+lJnfC4jY5y/FdP18oEV.3","action":"ProcessGetUpdates", "result":"Done", "context":{"dataType":"Sessions", "deleted":"1", "process_failed_to_decrypt":"0", "process_pending_decryption":"0", "process_success":"3", "total":"3"}}
{"logTime": "0421/060144", "correlationVector":"58+lJnfC4jY5y/FdP18oEV.4","action":"ProcessGetUpdates", "result":"Done", "context":{"dataType":"Device Info", "deleted":"0", "process_failed_to_decrypt":"0", "process_pending_decryption":"0", "process_success":"1", "total":"1"}}
{"logTime": "0421/060144", "correlationVector":"58+lJnfC4jY5y/FdP18oEV.5","action":"ProcessGetUpdates", "result":"Done", "context":{"dataType":"History", "deleted":"0", "process_failed_to_decrypt":"0", "process_pending_decryption":"0", "process_success":"7", "total":"7"}}
{"logTime": "0421/060144", "correlationVector":"58+lJnfC4jY5y/FdP18oEV.6","action":"GetUpdates Response", "result":"Success", "context":Received 12 update(s). cV=58+lJnfC4jY5y/FdP18oEV.0;server=akswtt007000039;cloudType=Consumer;environment=Prod_centralus_prod-s01-068-nam-centralus;migrationStage=NotStarted}
{"logTime": "0421/060144", "correlationVector":"tHZBJw3KKfWmgjYLSyzBvB","action":"Commit Request", "result":"", "context":Item count: 6
Contributing types: Sessions, Device Info, History}
{"logTime": "0421/060145", "correlationVector":"tHZBJw3KKfWmgjYLSyzBvB.1","action":"SyncServerConnectionManagerRequest", "result":"SYNC_SERVER_OK", "context":{"environment":"Prod_centralus_prod-s01-068-nam-centralus", "migrationStage":"NotStarted", "server":"akswtt007000036"}}
{"logTime": "0421/060145", "correlationVector":"tHZBJw3KKfWmgjYLSyzBvB.2","action":"Commit Response", "result":"Success", "context":Result: Success. cV=tHZBJw3KKfWmgjYLSyzBvB.0;server=akswtt007000036;cloudType=Consumer;environment=Prod_centralus_prod-s01-068-nam-centralus;migrationStage=NotStarted}
{"logTime": "0421/060145", "correlationVector":"tHZBJw3KKfWmgjYLSyzBvB.3","action":"Commit.Sessions", "result":"Success", "context":{"id":"2efe29b7-814a-4aba-8a8a-f5f66d216bb7", "isDeleted":"true", "size":"0", "version":"1745215125842"}}
{"logTime": "0421/060145", "correlationVector":"DrpdrbUplfypuFo4oQX2ll","action":"Commit Request", "result":"", "context":Item count: 1
Contributing types: Preferences}
{"logTime": "0421/060145", "correlationVector":"DrpdrbUplfypuFo4oQX2ll.1","action":"SyncServerConnectionManagerRequest", "result":"SYNC_SERVER_OK", "context":{"environment":"Prod_centralus_prod-s01-068-nam-centralus", "migrationStage":"NotStarted", "server":"akswtt00700000s"}}
{"logTime": "0421/060145", "correlationVector":"DrpdrbUplfypuFo4oQX2ll.2","action":"Commit Response", "result":"Success", "context":Result: Success. cV=DrpdrbUplfypuFo4oQX2ll.0;server=akswtt00700000s;cloudType=Consumer;environment=Prod_centralus_prod-s01-068-nam-centralus;migrationStage=NotStarted}
{"logTime": "0421/060246", "correlationVector":"ATJHn8tteX2HTax5Gm2z4M","action":"Commit Request", "result":"", "context":Item count: 2
Contributing types: Sessions, History}
{"logTime": "0421/060247", "correlationVector":"ATJHn8tteX2HTax5Gm2z4M.1","action":"SyncServerConnectionManagerRequest", "result":"SYNC_SERVER_OK", "context":{"environment":"Prod_centralus_prod-s01-068-nam-centralus", "migrationStage":"NotStarted", "server":"akswtt00700000n"}}
{"logTime": "0421/060247", "correlationVector":"ATJHn8tteX2HTax5Gm2z4M.2","action":"Commit Response", "result":"Success", "context":Result: Success. cV=ATJHn8tteX2HTax5Gm2z4M.0;server=akswtt00700000n;cloudType=Consumer;environment=Prod_centralus_prod-s01-068-nam-centralus;migrationStage=NotStarted}
