2025-04-18 04:00:16.002: [INFO][Sync] Reset engine, reason: 8
2025-04-18 04:00:16.002: [INFO][Sync] Stopped: Bookmarks
2025-04-18 04:00:16.002: [INFO][Sync] Stopped: Preferences
2025-04-18 04:00:16.002: [INFO][Sync] Stopped: Passwords
2025-04-18 04:00:16.002: [INFO][Sync] Stopped: Autofill Profiles
2025-04-18 04:00:16.002: [INFO][Sync] Stopped: Autofill
2025-04-18 04:00:16.002: [INFO][Sync] Stopped: Extensions
2025-04-18 04:00:16.002: [INFO][Sync] Stopped: Sessions
2025-04-18 04:00:16.002: [INFO][Sync] Stopped: Extension settings
2025-04-18 04:00:16.002: [INFO][Sync] Stopped: History Delete Directives
2025-04-18 04:00:16.002: [INFO][Sync] Stopped: Device Info
2025-04-18 04:00:16.002: [INFO][Sync] Stopped: User Consents
2025-04-18 04:00:16.002: [INFO][Sync] Stopped: Send Tab To Self
2025-04-18 04:00:16.002: [INFO][Sync] Stopped: Web Apps
2025-04-18 04:00:16.002: [INFO][Sync] Stopped: History
2025-04-18 04:00:16.002: [INFO][Sync] Stopped: Saved Tab Group
2025-04-18 04:00:16.002: [INFO][Sync] Stopped: Collection
2025-04-18 04:00:16.002: [INFO][Sync] Stopped: Edge E Drop
2025-04-18 04:00:16.002: [INFO][Sync] Stopped: Edge Hub App Usage
2025-04-18 04:00:16.002: [INFO][Sync] Stopped: Edge Tab Group
2025-04-18 04:00:16.002: [INFO][Sync] Stopped: Edge Wallet
2025-04-18 04:00:16.002: [INFO][Sync] SyncState after authenticated was: NotSignedIn
2025-04-18 04:00:16.130: [INFO][Sync] Reset engine, reason: 8
2025-04-18 04:00:16.130: [INFO][Sync] Stopped: Bookmarks
2025-04-18 04:00:16.130: [INFO][Sync] Stopped: Preferences
2025-04-18 04:00:16.130: [INFO][Sync] Stopped: Passwords
2025-04-18 04:00:16.130: [INFO][Sync] Stopped: Autofill Profiles
2025-04-18 04:00:16.130: [INFO][Sync] Stopped: Autofill
2025-04-18 04:00:16.130: [INFO][Sync] Stopped: Extensions
2025-04-18 04:00:16.130: [INFO][Sync] Stopped: Sessions
2025-04-18 04:00:16.130: [INFO][Sync] Stopped: Extension settings
2025-04-18 04:00:16.130: [INFO][Sync] Stopped: History Delete Directives
2025-04-18 04:00:16.130: [INFO][Sync] Stopped: Device Info
2025-04-18 04:00:16.130: [INFO][Sync] Stopped: User Consents
2025-04-18 04:00:16.130: [INFO][Sync] Stopped: Send Tab To Self
2025-04-18 04:00:16.130: [INFO][Sync] Stopped: Web Apps
2025-04-18 04:00:16.130: [INFO][Sync] Stopped: History
2025-04-18 04:00:16.130: [INFO][Sync] Stopped: Saved Tab Group
2025-04-18 04:00:16.130: [INFO][Sync] Stopped: Collection
2025-04-18 04:00:16.130: [INFO][Sync] Stopped: Edge E Drop
2025-04-18 04:00:16.130: [INFO][Sync] Stopped: Edge Hub App Usage
2025-04-18 04:00:16.130: [INFO][Sync] Stopped: Edge Tab Group
2025-04-18 04:00:16.130: [INFO][Sync] Stopped: Edge Wallet
2025-04-18 04:00:16.324: [INFO][Sync] Try to start sync engine
2025-04-18 04:00:16.324: [INFO][SyncManagerImpl::NudgeForInitialDownload] Initial download nudge for Encryption Keys
2025-04-18 04:00:16.324: [INFO][SyncEngineBackend::LoadAndConnectNigoriController] Load and connect Nigori controller
2025-04-18 04:00:16.324: [INFO][SyncEngineBackend::DoInitialize] Control Types added: Encryption Keys
2025-04-18 04:00:16.324: [INFO][SyncManagerImpl::ConfigureSyncer] Types to download: Encryption Keys with reason: 3
2025-04-18 04:00:16.324: [INFO][SyncSchedulerImpl::DoConfigurationSyncCycleJob] Configure job was blocked
2025-04-18 04:00:16.347: [INFO][SyncAuthManager::SetLastAuthError] Current auth error: None
2025-04-18 04:00:16.347: [INFO][SyncAuthManager::EdgeLogTokenErrorState] Token error with: None for account type: MSA
2025-04-18 04:00:16.347: [INFO][Sync] Credentials changed for: EdgeSyncScopeNew
2025-04-18 04:00:17.609: [INFO][SyncAuthManager::SetLastAuthError] Current auth error: None
2025-04-18 04:00:17.609: [INFO][SyncAuthManager::EdgeLogTokenErrorState] Token error with: None for account type: MSA
2025-04-18 04:00:17.609: [INFO][Sync] Credentials changed for: EdgeSyncKeyDataScope
2025-04-18 04:00:17.609: [INFO][SyncEngineBackend::DoUpdateKeyDataCredentials] Update key data credentials
2025-04-18 04:00:17.609: [INFO][SyncEngineBackend::DoUpdateCredentials] Update credentials
2025-04-18 04:00:17.609: [INFO][SyncSchedulerImpl::DoConfigurationSyncCycleJob] Blocked types:  and types to download: Encryption Keys
2025-04-18 04:00:17.980: [INFO][Sync] Started DataTypeManager configuration, reason: 4
2025-04-18 04:00:17.980: [INFO][Sync] Configuring for: Bookmarks, Preferences, Passwords, Autofill Profiles, Autofill, Extensions, Sessions, Extension settings, History Delete Directives, Device Info, User Consents, Send Tab To Self, Web Apps, History, Saved Tab Group, Collection, Edge E Drop, Edge Hub App Usage, Edge Tab Group, Edge Wallet, Encryption Keys, reason: 3, current state: 0
2025-04-18 04:00:17.980: [WARN][Sync] Crypto error data types: Passwords, Autofill Profiles, Autofill
2025-04-18 04:00:17.980: [INFO][Sync] Configure, desired: Bookmarks, Preferences, Extensions, Sessions, Extension settings, History Delete Directives, Device Info, User Consents, Send Tab To Self, Web Apps, History, Saved Tab Group, Collection, Edge E Drop, Edge Hub App Usage, Edge Tab Group, Edge Wallet, Encryption Keys; Allow fail: Passwords, Autofill Profiles, Autofill
2025-04-18 04:00:17.980: [INFO][Sync] Loading: Bookmarks
2025-04-18 04:00:17.980: [INFO][Sync] Loading: Preferences
2025-04-18 04:00:17.980: [INFO][Sync] Loading: Extensions
2025-04-18 04:00:17.980: [INFO][Sync] Loading: Sessions
2025-04-18 04:00:17.980: [INFO][Sync] Loading: Extension settings
2025-04-18 04:00:17.980: [INFO][Sync] Loading: History Delete Directives
2025-04-18 04:00:17.980: [INFO][Sync] Loading: Device Info
2025-04-18 04:00:17.980: [INFO][Sync] Loading: User Consents
2025-04-18 04:00:17.980: [INFO][Sync] Loading: Send Tab To Self
2025-04-18 04:00:17.980: [INFO][Sync] Loading: Web Apps
2025-04-18 04:00:17.980: [INFO][Sync] Loading: History
2025-04-18 04:00:17.980: [INFO][Sync] Loading: Saved Tab Group
2025-04-18 04:00:17.980: [INFO][Sync] Loading: Collection
2025-04-18 04:00:17.980: [INFO][Sync] Loading: Edge E Drop
2025-04-18 04:00:17.980: [INFO][Sync] Loading: Edge Hub App Usage
2025-04-18 04:00:17.980: [INFO][Sync] Loading: Edge Tab Group
2025-04-18 04:00:17.980: [INFO][Sync] Loading: Edge Wallet
2025-04-18 04:00:17.981: [INFO][Sync] All data types are ready for configure.
2025-04-18 04:00:18.226: [INFO][Sync] Started DataTypeManager configuration, reason: 5
2025-04-18 04:00:18.226: [INFO][Sync] Configuring for: Bookmarks, Preferences, Passwords, Autofill Profiles, Autofill, Extensions, Sessions, Extension settings, History Delete Directives, Device Info, User Consents, Send Tab To Self, Web Apps, History, Saved Tab Group, Collection, Edge E Drop, Edge Hub App Usage, Edge Tab Group, Edge Wallet, Encryption Keys, reason: 5, current state: 1
2025-04-18 04:00:18.228: [INFO][SyncEngineBackend::DoStartConfiguration] Start configuration
2025-04-18 04:00:18.228: [INFO][SyncManagerImpl::NudgeForInitialDownload] Initial download nudge for Bookmarks
2025-04-18 04:00:18.228: [INFO][SyncManagerImpl::NudgeForInitialDownload] Initial download nudge for Preferences
2025-04-18 04:00:18.228: [INFO][SyncManagerImpl::NudgeForInitialDownload] Initial download nudge for Extensions
2025-04-18 04:00:18.228: [INFO][SyncManagerImpl::NudgeForInitialDownload] Initial download nudge for Sessions
2025-04-18 04:00:18.228: [INFO][SyncManagerImpl::NudgeForInitialDownload] Initial download nudge for Extension settings
2025-04-18 04:00:18.228: [INFO][SyncManagerImpl::NudgeForInitialDownload] Initial download nudge for History Delete Directives
2025-04-18 04:00:18.228: [INFO][SyncManagerImpl::NudgeForInitialDownload] Initial download nudge for Device Info
2025-04-18 04:00:18.228: [INFO][SyncManagerImpl::NudgeForInitialDownload] Initial download nudge for Send Tab To Self
2025-04-18 04:00:18.228: [INFO][SyncManagerImpl::NudgeForInitialDownload] Initial download nudge for Web Apps
2025-04-18 04:00:18.228: [INFO][SyncManagerImpl::NudgeForInitialDownload] Initial download nudge for History
2025-04-18 04:00:18.229: [INFO][SyncManagerImpl::NudgeForInitialDownload] Initial download nudge for Saved Tab Group
2025-04-18 04:00:18.229: [INFO][SyncManagerImpl::NudgeForInitialDownload] Initial download nudge for Collection
2025-04-18 04:00:18.229: [INFO][SyncManagerImpl::NudgeForInitialDownload] Initial download nudge for Edge E Drop
2025-04-18 04:00:18.229: [INFO][SyncManagerImpl::NudgeForInitialDownload] Initial download nudge for Edge Hub App Usage
2025-04-18 04:00:18.229: [INFO][SyncManagerImpl::NudgeForInitialDownload] Initial download nudge for Edge Tab Group
2025-04-18 04:00:18.229: [INFO][SyncManagerImpl::NudgeForInitialDownload] Initial download nudge for Edge Wallet
2025-04-18 04:00:18.229: [INFO][SyncManagerImpl::ConfigureSyncer] Types to download:  with reason: 3
2025-04-18 04:00:18.229: [INFO][SyncEngineBackend::DoFinishConfigureDataTypes] Failed to download types:  and succeeded types: 
2025-04-18 04:00:18.229: [INFO][Sync] ConfigurationDone, failed: , succeeded: , remaining count: 4
2025-04-18 04:00:18.229: [WARN][Sync]     Reconfigure requested while configuration ongoing.
2025-04-18 04:00:18.229: [INFO][Sync] Configuring for: Bookmarks, Preferences, Passwords, Autofill Profiles, Autofill, Extensions, Sessions, Extension settings, History Delete Directives, Device Info, User Consents, Send Tab To Self, Web Apps, History, Saved Tab Group, Collection, Edge E Drop, Edge Hub App Usage, Edge Tab Group, Edge Wallet, Encryption Keys, reason: 5, current state: 2
2025-04-18 04:00:18.229: [INFO][Sync] Configure, desired: Bookmarks, Preferences, Passwords, Autofill Profiles, Autofill, Extensions, Sessions, Extension settings, History Delete Directives, Device Info, User Consents, Send Tab To Self, Web Apps, History, Saved Tab Group, Collection, Edge E Drop, Edge Hub App Usage, Edge Tab Group, Edge Wallet, Encryption Keys; Allow fail: 
2025-04-18 04:00:18.229: [INFO][Sync] Loading: Passwords
2025-04-18 04:00:18.229: [INFO][Sync] Loading: Autofill Profiles
2025-04-18 04:00:18.229: [INFO][Sync] Loading: Autofill
2025-04-18 04:00:18.229: [INFO][Sync] All data types are ready for configure.
2025-04-18 04:00:18.229: [INFO][SyncManagerImpl::NudgeForInitialDownload] Initial download nudge for Passwords
2025-04-18 04:00:18.229: [INFO][SyncManagerImpl::NudgeForInitialDownload] Initial download nudge for Autofill Profiles
2025-04-18 04:00:18.229: [INFO][SyncManagerImpl::NudgeForInitialDownload] Initial download nudge for Autofill
2025-04-18 04:00:18.229: [INFO][SyncManagerImpl::ConfigureSyncer] Types to download:  with reason: 5
2025-04-18 04:00:18.229: [INFO][SyncEngineBackend::DoFinishConfigureDataTypes] Failed to download types:  and succeeded types: 
2025-04-18 04:00:18.229: [INFO][Sync] ConfigurationDone, failed: , succeeded: , remaining count: 4
2025-04-18 04:00:18.229: [INFO][Sync] Prepare to configure types: Preferences, Passwords, Device Info, Send Tab To Self, Edge E Drop, Encryption Keys
2025-04-18 04:00:18.229: [INFO][SyncManagerImpl::ConfigureSyncer] Types to download: Preferences, Passwords, Device Info, Send Tab To Self, Edge E Drop, Encryption Keys with reason: 5
2025-04-18 04:00:18.229: [INFO][SyncSchedulerImpl::DoConfigurationSyncCycleJob] Blocked types:  and types to download: Preferences, Passwords, Device Info, Send Tab To Self, Edge E Drop, Encryption Keys
2025-04-18 04:00:18.429: [INFO][SyncEngineBackend::DoFinishConfigureDataTypes] Failed to download types:  and succeeded types: Preferences, Passwords, Device Info, Send Tab To Self, Edge E Drop, Encryption Keys
2025-04-18 04:00:18.429: [INFO][Sync] ConfigurationDone, failed: , succeeded: Preferences, Passwords, Device Info, Send Tab To Self, Edge E Drop, Encryption Keys, remaining count: 3
2025-04-18 04:00:18.429: [INFO][Sync] Prepare to configure types: Bookmarks, Encryption Keys
2025-04-18 04:00:18.429: [INFO][SyncManagerImpl::ConfigureSyncer] Types to download: Bookmarks, Encryption Keys with reason: 5
2025-04-18 04:00:18.429: [INFO][SyncSchedulerImpl::DoConfigurationSyncCycleJob] Blocked types:  and types to download: Bookmarks, Encryption Keys
2025-04-18 04:00:18.584: [INFO][SyncEngineBackend::DoFinishConfigureDataTypes] Failed to download types:  and succeeded types: Bookmarks, Encryption Keys
2025-04-18 04:00:18.584: [INFO][Sync] ConfigurationDone, failed: , succeeded: Bookmarks, Encryption Keys, remaining count: 2
2025-04-18 04:00:18.584: [INFO][Sync] Prepare to configure types: Autofill Profiles, Autofill, Extensions, Sessions, Extension settings, History Delete Directives, Web Apps, Saved Tab Group, Collection, Edge Hub App Usage, Edge Tab Group, Edge Wallet, Encryption Keys
2025-04-18 04:00:18.584: [INFO][SyncManagerImpl::ConfigureSyncer] Types to download: Autofill Profiles, Autofill, Extensions, Sessions, Extension settings, History Delete Directives, Web Apps, Saved Tab Group, Collection, Edge Hub App Usage, Edge Tab Group, Edge Wallet, Encryption Keys with reason: 5
2025-04-18 04:00:18.584: [INFO][SyncSchedulerImpl::DoConfigurationSyncCycleJob] Blocked types:  and types to download: Autofill Profiles, Autofill, Extensions, Sessions, Extension settings, History Delete Directives, Web Apps, Saved Tab Group, Collection, Edge Hub App Usage, Edge Tab Group, Edge Wallet, Encryption Keys
2025-04-18 04:00:18.748: [INFO][SyncEngineBackend::DoFinishConfigureDataTypes] Failed to download types:  and succeeded types: Autofill Profiles, Autofill, Extensions, Sessions, Extension settings, History Delete Directives, Web Apps, Saved Tab Group, Collection, Edge Hub App Usage, Edge Tab Group, Edge Wallet, Encryption Keys
2025-04-18 04:00:18.749: [INFO][Sync] ConfigurationDone, failed: , succeeded: Autofill Profiles, Autofill, Extensions, Sessions, Extension settings, History Delete Directives, Web Apps, Saved Tab Group, Collection, Edge Hub App Usage, Edge Tab Group, Edge Wallet, Encryption Keys, remaining count: 1
2025-04-18 04:00:18.749: [INFO][Sync] Prepare to configure types: History, Encryption Keys
2025-04-18 04:00:18.749: [INFO][SyncManagerImpl::ConfigureSyncer] Types to download: History, Encryption Keys with reason: 5
2025-04-18 04:00:18.749: [INFO][SyncSchedulerImpl::DoConfigurationSyncCycleJob] Blocked types:  and types to download: History, Encryption Keys
2025-04-18 04:00:18.898: [INFO][SyncEngineBackend::DoFinishConfigureDataTypes] Failed to download types:  and succeeded types: History, Encryption Keys
2025-04-18 04:00:18.899: [INFO][Sync] ConfigurationDone, failed: , succeeded: History, Encryption Keys, remaining count: 0
2025-04-18 04:00:18.899: [INFO][Sync]     Configuration completed, state: 7
2025-04-18 04:00:18.899: [INFO][Sync] Configured DataTypeManager: Ok
2025-04-18 04:00:18.900: [INFO][SyncEngineBackend::DoStartSyncing] Start syncing
2025-04-18 04:07:24.483: [INFO][Sync] Reset engine, reason: 0
2025-04-18 04:07:24.483: [INFO][Sync] Reset engine with reason: 0
2025-04-18 04:21:07.410: [INFO][Sync] SyncState after authenticated was: FeatureCanStart
2025-04-18 04:21:07.556: [INFO][Sync] Try to start sync engine
2025-04-18 04:21:07.556: [INFO][SyncManagerImpl::NudgeForInitialDownload] Initial download nudge for Encryption Keys
2025-04-18 04:21:07.556: [INFO][SyncEngineBackend::LoadAndConnectNigoriController] Load and connect Nigori controller
2025-04-18 04:21:07.556: [INFO][SyncEngineBackend::DoInitialize] Control Types added: Encryption Keys
2025-04-18 04:21:07.556: [INFO][SyncManagerImpl::ConfigureSyncer] Types to download: Encryption Keys with reason: 3
2025-04-18 04:21:07.556: [INFO][SyncSchedulerImpl::DoConfigurationSyncCycleJob] Configure job was blocked
2025-04-18 04:21:07.579: [INFO][SyncAuthManager::SetLastAuthError] Current auth error: None
2025-04-18 04:21:07.579: [INFO][SyncAuthManager::EdgeLogTokenErrorState] Token error with: None for account type: MSA
2025-04-18 04:21:07.579: [INFO][Sync] Credentials changed for: EdgeSyncScopeNew
2025-04-18 04:21:08.026: [INFO][SyncAuthManager::SetLastAuthError] Current auth error: None
2025-04-18 04:21:08.026: [INFO][SyncAuthManager::EdgeLogTokenErrorState] Token error with: None for account type: MSA
2025-04-18 04:21:08.026: [INFO][Sync] Credentials changed for: EdgeSyncKeyDataScope
2025-04-18 04:21:08.026: [INFO][SyncEngineBackend::DoUpdateKeyDataCredentials] Update key data credentials
2025-04-18 04:21:08.026: [INFO][SyncEngineBackend::DoUpdateCredentials] Update credentials
2025-04-18 04:21:08.026: [INFO][SyncSchedulerImpl::DoConfigurationSyncCycleJob] Blocked types:  and types to download: Encryption Keys
2025-04-18 04:21:08.291: [INFO][Sync] Started DataTypeManager configuration, reason: 4
2025-04-18 04:21:08.291: [INFO][Sync] Configuring for: Bookmarks, Preferences, Passwords, Autofill Profiles, Autofill, Extensions, Sessions, Extension settings, History Delete Directives, Device Info, User Consents, Send Tab To Self, Web Apps, History, Saved Tab Group, Collection, Edge E Drop, Edge Hub App Usage, Edge Tab Group, Edge Wallet, Encryption Keys, reason: 4, current state: 0
2025-04-18 04:21:08.291: [WARN][Sync] Crypto error data types: Passwords, Autofill Profiles, Autofill
2025-04-18 04:21:08.291: [INFO][Sync] Configure, desired: Bookmarks, Preferences, Extensions, Sessions, Extension settings, History Delete Directives, Device Info, User Consents, Send Tab To Self, Web Apps, History, Saved Tab Group, Collection, Edge E Drop, Edge Hub App Usage, Edge Tab Group, Edge Wallet, Encryption Keys; Allow fail: Passwords, Autofill Profiles, Autofill
2025-04-18 04:21:08.291: [INFO][Sync] Loading: Bookmarks
2025-04-18 04:21:08.291: [INFO][Sync] Loading: Preferences
2025-04-18 04:21:08.291: [INFO][Sync] Loading: Extensions
2025-04-18 04:21:08.291: [INFO][Sync] Loading: Sessions
2025-04-18 04:21:08.292: [INFO][Sync] Loading: Extension settings
2025-04-18 04:21:08.292: [INFO][Sync] Loading: History Delete Directives
2025-04-18 04:21:08.292: [INFO][Sync] Loading: Device Info
2025-04-18 04:21:08.292: [INFO][Sync] Loading: User Consents
2025-04-18 04:21:08.292: [INFO][Sync] Loading: Send Tab To Self
2025-04-18 04:21:08.292: [INFO][Sync] Loading: Web Apps
2025-04-18 04:21:08.292: [INFO][Sync] Loading: History
2025-04-18 04:21:08.292: [INFO][Sync] Loading: Saved Tab Group
2025-04-18 04:21:08.292: [INFO][Sync] Loading: Collection
2025-04-18 04:21:08.292: [INFO][Sync] Loading: Edge E Drop
2025-04-18 04:21:08.292: [INFO][Sync] Loading: Edge Hub App Usage
2025-04-18 04:21:08.292: [INFO][Sync] Loading: Edge Tab Group
2025-04-18 04:21:08.292: [INFO][Sync] Loading: Edge Wallet
2025-04-18 04:21:08.292: [INFO][Sync] All data types are ready for configure.
2025-04-18 04:21:08.618: [INFO][Sync] Started DataTypeManager configuration, reason: 5
2025-04-18 04:21:08.618: [INFO][Sync] Configuring for: Bookmarks, Preferences, Passwords, Autofill Profiles, Autofill, Extensions, Sessions, Extension settings, History Delete Directives, Device Info, User Consents, Send Tab To Self, Web Apps, History, Saved Tab Group, Collection, Edge E Drop, Edge Hub App Usage, Edge Tab Group, Edge Wallet, Encryption Keys, reason: 5, current state: 1
2025-04-18 04:21:08.620: [INFO][SyncEngineBackend::DoStartConfiguration] Start configuration
2025-04-18 04:21:08.620: [INFO][SyncManagerImpl::ConfigureSyncer] Types to download:  with reason: 4
2025-04-18 04:21:08.620: [INFO][SyncEngineBackend::DoFinishConfigureDataTypes] Failed to download types:  and succeeded types: 
2025-04-18 04:21:08.620: [INFO][Sync] ConfigurationDone, failed: , succeeded: , remaining count: 4
2025-04-18 04:21:08.620: [WARN][Sync]     Reconfigure requested while configuration ongoing.
2025-04-18 04:21:08.620: [INFO][Sync] Configuring for: Bookmarks, Preferences, Passwords, Autofill Profiles, Autofill, Extensions, Sessions, Extension settings, History Delete Directives, Device Info, User Consents, Send Tab To Self, Web Apps, History, Saved Tab Group, Collection, Edge E Drop, Edge Hub App Usage, Edge Tab Group, Edge Wallet, Encryption Keys, reason: 5, current state: 2
2025-04-18 04:21:08.620: [INFO][Sync] Configure, desired: Bookmarks, Preferences, Passwords, Autofill Profiles, Autofill, Extensions, Sessions, Extension settings, History Delete Directives, Device Info, User Consents, Send Tab To Self, Web Apps, History, Saved Tab Group, Collection, Edge E Drop, Edge Hub App Usage, Edge Tab Group, Edge Wallet, Encryption Keys; Allow fail: 
2025-04-18 04:21:08.620: [INFO][Sync] Loading: Passwords
2025-04-18 04:21:08.620: [INFO][Sync] Loading: Autofill Profiles
2025-04-18 04:21:08.620: [INFO][Sync] Loading: Autofill
2025-04-18 04:21:08.621: [INFO][Sync] All data types are ready for configure.
2025-04-18 04:21:08.621: [INFO][SyncManagerImpl::NudgeForInitialDownload] Initial download nudge for Passwords
2025-04-18 04:21:08.621: [INFO][SyncManagerImpl::ConfigureSyncer] Types to download:  with reason: 5
2025-04-18 04:21:08.621: [INFO][SyncEngineBackend::DoFinishConfigureDataTypes] Failed to download types:  and succeeded types: 
2025-04-18 04:21:08.621: [INFO][Sync] ConfigurationDone, failed: , succeeded: , remaining count: 4
2025-04-18 04:21:08.621: [INFO][Sync] Prepare to configure types: Passwords, Encryption Keys
2025-04-18 04:21:08.621: [INFO][SyncManagerImpl::ConfigureSyncer] Types to download: Passwords, Encryption Keys with reason: 5
2025-04-18 04:21:08.621: [INFO][SyncSchedulerImpl::DoConfigurationSyncCycleJob] Blocked types:  and types to download: Passwords, Encryption Keys
2025-04-18 04:21:08.747: [INFO][SyncEngineBackend::DoFinishConfigureDataTypes] Failed to download types:  and succeeded types: Passwords, Encryption Keys
2025-04-18 04:21:08.747: [INFO][Sync] ConfigurationDone, failed: , succeeded: Passwords, Encryption Keys, remaining count: 3
2025-04-18 04:21:08.747: [INFO][SyncManagerImpl::ConfigureSyncer] Types to download:  with reason: 5
2025-04-18 04:21:08.747: [INFO][SyncEngineBackend::DoFinishConfigureDataTypes] Failed to download types:  and succeeded types: 
2025-04-18 04:21:08.747: [INFO][Sync] ConfigurationDone, failed: , succeeded: , remaining count: 2
2025-04-18 04:21:08.747: [INFO][SyncManagerImpl::ConfigureSyncer] Types to download:  with reason: 5
2025-04-18 04:21:08.747: [INFO][SyncEngineBackend::DoFinishConfigureDataTypes] Failed to download types:  and succeeded types: 
2025-04-18 04:21:08.748: [INFO][Sync] ConfigurationDone, failed: , succeeded: , remaining count: 1
2025-04-18 04:21:08.749: [INFO][SyncManagerImpl::ConfigureSyncer] Types to download:  with reason: 5
2025-04-18 04:21:08.749: [INFO][SyncEngineBackend::DoFinishConfigureDataTypes] Failed to download types:  and succeeded types: 
2025-04-18 04:21:08.749: [INFO][Sync] ConfigurationDone, failed: , succeeded: , remaining count: 0
2025-04-18 04:21:08.749: [INFO][Sync]     Configuration completed, state: 7
2025-04-18 04:21:08.749: [INFO][Sync] Configured DataTypeManager: Ok
2025-04-18 04:21:08.750: [INFO][SyncEngineBackend::DoStartSyncing] Start syncing
2025-04-18 04:23:13.774: [INFO][Sync] Reset engine, reason: 0
2025-04-18 04:23:13.774: [INFO][Sync] Reset engine with reason: 0
2025-04-18 04:27:56.675: [INFO][Sync] SyncState after authenticated was: FeatureCanStart
2025-04-18 04:27:56.821: [INFO][Sync] Try to start sync engine
2025-04-18 04:27:56.821: [INFO][SyncManagerImpl::NudgeForInitialDownload] Initial download nudge for Encryption Keys
2025-04-18 04:27:56.821: [INFO][SyncEngineBackend::LoadAndConnectNigoriController] Load and connect Nigori controller
2025-04-18 04:27:56.821: [INFO][SyncEngineBackend::DoInitialize] Control Types added: Encryption Keys
2025-04-18 04:27:56.821: [INFO][SyncManagerImpl::ConfigureSyncer] Types to download: Encryption Keys with reason: 3
2025-04-18 04:27:56.821: [INFO][SyncSchedulerImpl::DoConfigurationSyncCycleJob] Configure job was blocked
2025-04-18 04:27:56.837: [INFO][SyncAuthManager::SetLastAuthError] Current auth error: None
2025-04-18 04:27:56.837: [INFO][SyncAuthManager::EdgeLogTokenErrorState] Token error with: None for account type: MSA
2025-04-18 04:27:56.837: [INFO][Sync] Credentials changed for: EdgeSyncScopeNew
2025-04-18 04:27:57.346: [INFO][SyncAuthManager::SetLastAuthError] Current auth error: None
2025-04-18 04:27:57.347: [INFO][SyncAuthManager::EdgeLogTokenErrorState] Token error with: None for account type: MSA
2025-04-18 04:27:57.347: [INFO][Sync] Credentials changed for: EdgeSyncKeyDataScope
2025-04-18 04:27:57.347: [INFO][SyncEngineBackend::DoUpdateKeyDataCredentials] Update key data credentials
2025-04-18 04:27:57.347: [INFO][SyncEngineBackend::DoUpdateCredentials] Update credentials
2025-04-18 04:27:57.347: [INFO][SyncSchedulerImpl::DoConfigurationSyncCycleJob] Blocked types:  and types to download: Encryption Keys
2025-04-18 04:27:57.629: [INFO][Sync] Started DataTypeManager configuration, reason: 4
2025-04-18 04:27:57.629: [INFO][Sync] Configuring for: Bookmarks, Preferences, Passwords, Autofill Profiles, Autofill, Extensions, Sessions, Extension settings, History Delete Directives, Device Info, User Consents, Send Tab To Self, Web Apps, History, Saved Tab Group, Collection, Edge E Drop, Edge Hub App Usage, Edge Tab Group, Edge Wallet, Encryption Keys, reason: 4, current state: 0
2025-04-18 04:27:57.629: [WARN][Sync] Crypto error data types: Passwords, Autofill Profiles, Autofill
2025-04-18 04:27:57.630: [INFO][Sync] Configure, desired: Bookmarks, Preferences, Extensions, Sessions, Extension settings, History Delete Directives, Device Info, User Consents, Send Tab To Self, Web Apps, History, Saved Tab Group, Collection, Edge E Drop, Edge Hub App Usage, Edge Tab Group, Edge Wallet, Encryption Keys; Allow fail: Passwords, Autofill Profiles, Autofill
2025-04-18 04:27:57.630: [INFO][Sync] Loading: Bookmarks
2025-04-18 04:27:57.630: [INFO][Sync] Loading: Preferences
2025-04-18 04:27:57.630: [INFO][Sync] Loading: Extensions
2025-04-18 04:27:57.630: [INFO][Sync] Loading: Sessions
2025-04-18 04:27:57.630: [INFO][Sync] Loading: Extension settings
2025-04-18 04:27:57.630: [INFO][Sync] Loading: History Delete Directives
2025-04-18 04:27:57.630: [INFO][Sync] Loading: Device Info
2025-04-18 04:27:57.630: [INFO][Sync] Loading: User Consents
2025-04-18 04:27:57.630: [INFO][Sync] Loading: Send Tab To Self
2025-04-18 04:27:57.630: [INFO][Sync] Loading: Web Apps
2025-04-18 04:27:57.630: [INFO][Sync] Loading: History
2025-04-18 04:27:57.630: [INFO][Sync] Loading: Saved Tab Group
2025-04-18 04:27:57.630: [INFO][Sync] Loading: Collection
2025-04-18 04:27:57.630: [INFO][Sync] Loading: Edge E Drop
2025-04-18 04:27:57.630: [INFO][Sync] Loading: Edge Hub App Usage
2025-04-18 04:27:57.630: [INFO][Sync] Loading: Edge Tab Group
2025-04-18 04:27:57.630: [INFO][Sync] Loading: Edge Wallet
2025-04-18 04:27:57.632: [INFO][Sync] All data types are ready for configure.
2025-04-18 04:27:57.935: [INFO][Sync] Started DataTypeManager configuration, reason: 5
2025-04-18 04:27:57.935: [INFO][Sync] Configuring for: Bookmarks, Preferences, Passwords, Autofill Profiles, Autofill, Extensions, Sessions, Extension settings, History Delete Directives, Device Info, User Consents, Send Tab To Self, Web Apps, History, Saved Tab Group, Collection, Edge E Drop, Edge Hub App Usage, Edge Tab Group, Edge Wallet, Encryption Keys, reason: 5, current state: 1
2025-04-18 04:27:57.938: [INFO][SyncEngineBackend::DoStartConfiguration] Start configuration
2025-04-18 04:27:57.938: [INFO][SyncManagerImpl::ConfigureSyncer] Types to download:  with reason: 4
2025-04-18 04:27:57.938: [INFO][SyncEngineBackend::DoFinishConfigureDataTypes] Failed to download types:  and succeeded types: 
2025-04-18 04:27:57.938: [INFO][Sync] ConfigurationDone, failed: , succeeded: , remaining count: 4
2025-04-18 04:27:57.938: [WARN][Sync]     Reconfigure requested while configuration ongoing.
2025-04-18 04:27:57.938: [INFO][Sync] Configuring for: Bookmarks, Preferences, Passwords, Autofill Profiles, Autofill, Extensions, Sessions, Extension settings, History Delete Directives, Device Info, User Consents, Send Tab To Self, Web Apps, History, Saved Tab Group, Collection, Edge E Drop, Edge Hub App Usage, Edge Tab Group, Edge Wallet, Encryption Keys, reason: 5, current state: 2
2025-04-18 04:27:57.938: [INFO][Sync] Configure, desired: Bookmarks, Preferences, Passwords, Autofill Profiles, Autofill, Extensions, Sessions, Extension settings, History Delete Directives, Device Info, User Consents, Send Tab To Self, Web Apps, History, Saved Tab Group, Collection, Edge E Drop, Edge Hub App Usage, Edge Tab Group, Edge Wallet, Encryption Keys; Allow fail: 
2025-04-18 04:27:57.938: [INFO][Sync] Loading: Passwords
2025-04-18 04:27:57.938: [INFO][Sync] Loading: Autofill Profiles
2025-04-18 04:27:57.938: [INFO][Sync] Loading: Autofill
2025-04-18 04:27:57.938: [INFO][Sync] All data types are ready for configure.
2025-04-18 04:27:57.938: [INFO][SyncManagerImpl::NudgeForInitialDownload] Initial download nudge for Passwords
2025-04-18 04:27:57.938: [INFO][SyncManagerImpl::ConfigureSyncer] Types to download:  with reason: 5
2025-04-18 04:27:57.938: [INFO][SyncEngineBackend::DoFinishConfigureDataTypes] Failed to download types:  and succeeded types: 
2025-04-18 04:27:57.938: [INFO][Sync] ConfigurationDone, failed: , succeeded: , remaining count: 4
2025-04-18 04:27:57.938: [INFO][Sync] Prepare to configure types: Passwords, Encryption Keys
2025-04-18 04:27:57.938: [INFO][SyncManagerImpl::ConfigureSyncer] Types to download: Passwords, Encryption Keys with reason: 5
2025-04-18 04:27:57.938: [INFO][SyncSchedulerImpl::DoConfigurationSyncCycleJob] Blocked types:  and types to download: Passwords, Encryption Keys
2025-04-18 04:27:58.092: [INFO][SyncEngineBackend::DoFinishConfigureDataTypes] Failed to download types:  and succeeded types: Passwords, Encryption Keys
2025-04-18 04:27:58.092: [INFO][Sync] ConfigurationDone, failed: , succeeded: Passwords, Encryption Keys, remaining count: 3
2025-04-18 04:27:58.092: [INFO][SyncManagerImpl::ConfigureSyncer] Types to download:  with reason: 5
2025-04-18 04:27:58.092: [INFO][SyncEngineBackend::DoFinishConfigureDataTypes] Failed to download types:  and succeeded types: 
2025-04-18 04:27:58.092: [INFO][Sync] ConfigurationDone, failed: , succeeded: , remaining count: 2
2025-04-18 04:27:58.092: [INFO][SyncManagerImpl::ConfigureSyncer] Types to download:  with reason: 5
2025-04-18 04:27:58.092: [INFO][SyncEngineBackend::DoFinishConfigureDataTypes] Failed to download types:  and succeeded types: 
2025-04-18 04:27:58.093: [INFO][Sync] ConfigurationDone, failed: , succeeded: , remaining count: 1
2025-04-18 04:27:58.093: [INFO][SyncManagerImpl::ConfigureSyncer] Types to download:  with reason: 5
2025-04-18 04:27:58.093: [INFO][SyncEngineBackend::DoFinishConfigureDataTypes] Failed to download types:  and succeeded types: 
2025-04-18 04:27:58.094: [INFO][Sync] ConfigurationDone, failed: , succeeded: , remaining count: 0
2025-04-18 04:27:58.094: [INFO][Sync]     Configuration completed, state: 7
2025-04-18 04:27:58.094: [INFO][Sync] Configured DataTypeManager: Ok
2025-04-18 04:27:58.095: [INFO][SyncEngineBackend::DoStartSyncing] Start syncing
2025-04-18 04:34:07.430: [INFO][Sync] Reset engine, reason: 0
2025-04-18 04:34:07.430: [INFO][Sync] Reset engine with reason: 0
2025-04-18 05:26:04.674: [INFO][Sync] SyncState after authenticated was: FeatureCanStart
2025-04-18 05:26:04.851: [INFO][Sync] Try to start sync engine
2025-04-18 05:26:04.852: [INFO][SyncManagerImpl::NudgeForInitialDownload] Initial download nudge for Encryption Keys
2025-04-18 05:26:04.852: [INFO][SyncEngineBackend::LoadAndConnectNigoriController] Load and connect Nigori controller
2025-04-18 05:26:04.852: [INFO][SyncEngineBackend::DoInitialize] Control Types added: Encryption Keys
2025-04-18 05:26:04.852: [INFO][SyncManagerImpl::ConfigureSyncer] Types to download: Encryption Keys with reason: 3
2025-04-18 05:26:04.852: [INFO][SyncSchedulerImpl::DoConfigurationSyncCycleJob] Configure job was blocked
2025-04-18 05:26:04.871: [INFO][SyncAuthManager::SetLastAuthError] Current auth error: None
2025-04-18 05:26:04.871: [INFO][SyncAuthManager::EdgeLogTokenErrorState] Token error with: None for account type: MSA
2025-04-18 05:26:04.871: [INFO][Sync] Credentials changed for: EdgeSyncScopeNew
2025-04-18 05:26:05.446: [INFO][SyncAuthManager::SetLastAuthError] Current auth error: None
2025-04-18 05:26:05.446: [INFO][SyncAuthManager::EdgeLogTokenErrorState] Token error with: None for account type: MSA
2025-04-18 05:26:05.446: [INFO][Sync] Credentials changed for: EdgeSyncKeyDataScope
2025-04-18 05:26:05.446: [INFO][SyncEngineBackend::DoUpdateKeyDataCredentials] Update key data credentials
2025-04-18 05:26:05.446: [INFO][SyncEngineBackend::DoUpdateCredentials] Update credentials
2025-04-18 05:26:05.446: [INFO][SyncSchedulerImpl::DoConfigurationSyncCycleJob] Blocked types:  and types to download: Encryption Keys
2025-04-18 05:26:05.821: [INFO][Sync] Started DataTypeManager configuration, reason: 4
2025-04-18 05:26:05.821: [INFO][Sync] Configuring for: Bookmarks, Preferences, Passwords, Autofill Profiles, Autofill, Extensions, Sessions, Extension settings, History Delete Directives, Device Info, User Consents, Send Tab To Self, Web Apps, History, Saved Tab Group, Collection, Edge E Drop, Edge Hub App Usage, Edge Tab Group, Edge Wallet, Encryption Keys, reason: 4, current state: 0
2025-04-18 05:26:05.821: [WARN][Sync] Crypto error data types: Passwords, Autofill Profiles, Autofill
2025-04-18 05:26:05.821: [INFO][Sync] Configure, desired: Bookmarks, Preferences, Extensions, Sessions, Extension settings, History Delete Directives, Device Info, User Consents, Send Tab To Self, Web Apps, History, Saved Tab Group, Collection, Edge E Drop, Edge Hub App Usage, Edge Tab Group, Edge Wallet, Encryption Keys; Allow fail: Passwords, Autofill Profiles, Autofill
2025-04-18 05:26:05.821: [INFO][Sync] Loading: Bookmarks
2025-04-18 05:26:05.821: [INFO][Sync] Loading: Preferences
2025-04-18 05:26:05.821: [INFO][Sync] Loading: Extensions
2025-04-18 05:26:05.821: [INFO][Sync] Loading: Sessions
2025-04-18 05:26:05.821: [INFO][Sync] Loading: Extension settings
2025-04-18 05:26:05.821: [INFO][Sync] Loading: History Delete Directives
2025-04-18 05:26:05.821: [INFO][Sync] Loading: Device Info
2025-04-18 05:26:05.821: [INFO][Sync] Loading: User Consents
2025-04-18 05:26:05.821: [INFO][Sync] Loading: Send Tab To Self
2025-04-18 05:26:05.821: [INFO][Sync] Loading: Web Apps
2025-04-18 05:26:05.821: [INFO][Sync] Loading: History
2025-04-18 05:26:05.821: [INFO][Sync] Loading: Saved Tab Group
2025-04-18 05:26:05.821: [INFO][Sync] Loading: Collection
2025-04-18 05:26:05.821: [INFO][Sync] Loading: Edge E Drop
2025-04-18 05:26:05.821: [INFO][Sync] Loading: Edge Hub App Usage
2025-04-18 05:26:05.821: [INFO][Sync] Loading: Edge Tab Group
2025-04-18 05:26:05.821: [INFO][Sync] Loading: Edge Wallet
2025-04-18 05:26:05.822: [INFO][Sync] All data types are ready for configure.
2025-04-18 05:26:06.258: [INFO][Sync] Started DataTypeManager configuration, reason: 5
2025-04-18 05:26:06.258: [INFO][Sync] Configuring for: Bookmarks, Preferences, Passwords, Autofill Profiles, Autofill, Extensions, Sessions, Extension settings, History Delete Directives, Device Info, User Consents, Send Tab To Self, Web Apps, History, Saved Tab Group, Collection, Edge E Drop, Edge Hub App Usage, Edge Tab Group, Edge Wallet, Encryption Keys, reason: 5, current state: 1
2025-04-18 05:26:06.261: [INFO][SyncEngineBackend::DoStartConfiguration] Start configuration
2025-04-18 05:26:06.261: [INFO][SyncManagerImpl::ConfigureSyncer] Types to download:  with reason: 4
2025-04-18 05:26:06.261: [INFO][SyncEngineBackend::DoFinishConfigureDataTypes] Failed to download types:  and succeeded types: 
2025-04-18 05:26:06.261: [INFO][Sync] ConfigurationDone, failed: , succeeded: , remaining count: 4
2025-04-18 05:26:06.261: [WARN][Sync]     Reconfigure requested while configuration ongoing.
2025-04-18 05:26:06.261: [INFO][Sync] Configuring for: Bookmarks, Preferences, Passwords, Autofill Profiles, Autofill, Extensions, Sessions, Extension settings, History Delete Directives, Device Info, User Consents, Send Tab To Self, Web Apps, History, Saved Tab Group, Collection, Edge E Drop, Edge Hub App Usage, Edge Tab Group, Edge Wallet, Encryption Keys, reason: 5, current state: 2
2025-04-18 05:26:06.261: [INFO][Sync] Configure, desired: Bookmarks, Preferences, Passwords, Autofill Profiles, Autofill, Extensions, Sessions, Extension settings, History Delete Directives, Device Info, User Consents, Send Tab To Self, Web Apps, History, Saved Tab Group, Collection, Edge E Drop, Edge Hub App Usage, Edge Tab Group, Edge Wallet, Encryption Keys; Allow fail: 
2025-04-18 05:26:06.261: [INFO][Sync] Loading: Passwords
2025-04-18 05:26:06.261: [INFO][Sync] Loading: Autofill Profiles
2025-04-18 05:26:06.261: [INFO][Sync] Loading: Autofill
2025-04-18 05:26:06.261: [INFO][Sync] All data types are ready for configure.
2025-04-18 05:26:06.261: [INFO][SyncManagerImpl::NudgeForInitialDownload] Initial download nudge for Passwords
2025-04-18 05:26:06.261: [INFO][SyncManagerImpl::ConfigureSyncer] Types to download:  with reason: 5
2025-04-18 05:26:06.261: [INFO][SyncEngineBackend::DoFinishConfigureDataTypes] Failed to download types:  and succeeded types: 
2025-04-18 05:26:06.261: [INFO][Sync] ConfigurationDone, failed: , succeeded: , remaining count: 4
2025-04-18 05:26:06.261: [INFO][Sync] Prepare to configure types: Passwords, Encryption Keys
2025-04-18 05:26:06.261: [INFO][SyncManagerImpl::ConfigureSyncer] Types to download: Passwords, Encryption Keys with reason: 5
2025-04-18 05:26:06.261: [INFO][SyncSchedulerImpl::DoConfigurationSyncCycleJob] Blocked types:  and types to download: Passwords, Encryption Keys
2025-04-18 05:26:06.446: [INFO][SyncEngineBackend::DoFinishConfigureDataTypes] Failed to download types:  and succeeded types: Passwords, Encryption Keys
2025-04-18 05:26:06.446: [INFO][Sync] ConfigurationDone, failed: , succeeded: Passwords, Encryption Keys, remaining count: 3
2025-04-18 05:26:06.446: [INFO][SyncManagerImpl::ConfigureSyncer] Types to download:  with reason: 5
2025-04-18 05:26:06.446: [INFO][SyncEngineBackend::DoFinishConfigureDataTypes] Failed to download types:  and succeeded types: 
2025-04-18 05:26:06.446: [INFO][Sync] ConfigurationDone, failed: , succeeded: , remaining count: 2
2025-04-18 05:26:06.446: [INFO][SyncManagerImpl::ConfigureSyncer] Types to download:  with reason: 5
2025-04-18 05:26:06.446: [INFO][SyncEngineBackend::DoFinishConfigureDataTypes] Failed to download types:  and succeeded types: 
2025-04-18 05:26:06.447: [INFO][Sync] ConfigurationDone, failed: , succeeded: , remaining count: 1
2025-04-18 05:26:06.448: [INFO][SyncManagerImpl::ConfigureSyncer] Types to download:  with reason: 5
2025-04-18 05:26:06.448: [INFO][SyncEngineBackend::DoFinishConfigureDataTypes] Failed to download types:  and succeeded types: 
2025-04-18 05:26:06.448: [INFO][Sync] ConfigurationDone, failed: , succeeded: , remaining count: 0
2025-04-18 05:26:06.449: [INFO][Sync]     Configuration completed, state: 7
2025-04-18 05:26:06.449: [INFO][Sync] Configured DataTypeManager: Ok
2025-04-18 05:26:06.449: [INFO][SyncEngineBackend::DoStartSyncing] Start syncing
2025-04-18 06:05:01.906: [INFO][Sync] Reset engine, reason: 0
2025-04-18 06:05:01.906: [INFO][Sync] Reset engine with reason: 0
